Added Component: Designator=C1(CAP_10*10MM)
Added Component: Designator=C2(6-0805_N)
Added Component: Designator=C3(6032)
Added Component: Designator=C4(6-0805_N)
Added Component: Designator=C5(Cap_5*4mm)
Added Component: Designator=C6(CAP_10*10MM)
Added Component: Designator=C7(6-0805_N)
Added Component: Designator=C8(6-0805_N)
Added Component: Designator=C9(Cap_5*4mm)
Added Component: Designator=C10(6-0805_N)
Added Component: Designator=C11(6-0805_N)
Added Component: Designator=C12(6-0805_N)
Added Component: Designator=C13(6-0805_N)
Added Component: Designator=C14(6-0805_N)
Added Component: Designator=C15(6-0805_N)
Added Component: Designator=C16(6-0805_N)
Added Component: Designator=C17(6-0805_N)
Added Component: Designator=C18(6-0805_N)
Added Component: Designator=C19(6-0805_N)
Added Component: Designator=C20(6-0805_N)
Added Component: Designator=C21(6-0805_N)
Added Component: Designator=C22(6-0805_N)
Added Component: Designator=C23(6-0805_N)
Added Component: Designator=CB1(SPST-2)
Added Component: Designator=D1(6-0805_N)
Added Component: Designator=D2(US1M)
Added Component: Designator=D3(US1M)
Added Component: Designator=D4(US1M)
Added Component: Designator=D5(US1M)
Added Component: Designator=L1(CDRH127)
Added Component: Designator=LS1(BUZZER)
Added Component: Designator=P1(XH2.54-3P)
Added Component: Designator=P2(HB-9500)
Added Component: Designator=P3(CH3.96_2P)
Added Component: Designator=P4(XH2.54-7P)
Added Component: Designator=P5(KF3.96_2P)
Added Component: Designator=P6(XH2.54-2P)
Added Component: Designator=P7(Sperheterodyne_Receiver)
Added Component: Designator=P8(CH3.96_2P)
Added Component: Designator=P9(HDR1X4)
Added Component: Designator=P10(HDR1X4)
Added Component: Designator=P11(CH3.96_3P)
Added Component: Designator=P12(XH2.54-3P)
Added Component: Designator=P13(KF3.96_2P)
Added Component: Designator=P14(XH2.54-2P)
Added Component: Designator=Q1(DPAK_AOD484)
Added Component: Designator=Q2(SOT-23_N)
Added Component: Designator=Q3(DPAK_AOD484)
Added Component: Designator=Q4(SOT-23_N)
Added Component: Designator=Q5(SOT-23_N)
Added Component: Designator=Q6(DPAK_AOD484)
Added Component: Designator=Q7(SOT-23_N)
Added Component: Designator=Q8(DPAK_AOD484)
Added Component: Designator=Q9(SOT-23_N)
Added Component: Designator=R1(6-0805_N)
Added Component: Designator=R2(6-0805_N)
Added Component: Designator=R3(6-0805_N)
Added Component: Designator=R4(6-0805_N)
Added Component: Designator=R5(6-0805_N)
Added Component: Designator=R6(6-0805_N)
Added Component: Designator=R7(6-0805_N)
Added Component: Designator=R8(6-0805_N)
Added Component: Designator=R9(6-0805_N)
Added Component: Designator=R10(6-0805_N)
Added Component: Designator=R11(6-0805_N)
Added Component: Designator=R12(6-0805_N)
Added Component: Designator=R13(6-0805_N)
Added Component: Designator=R14(6-0805_N)
Added Component: Designator=R15(6-0805_N)
Added Component: Designator=R16(6-0805_N)
Added Component: Designator=R17(6-0805_N)
Added Component: Designator=R18(6-0805_N)
Added Component: Designator=R19(6-0805_N)
Added Component: Designator=R20(6-0805_N)
Added Component: Designator=R21(6-0805_N)
Added Component: Designator=R22(6-0805_N)
Added Component: Designator=R23(6-0805_N)
Added Component: Designator=R24(6-0805_N)
Added Component: Designator=R25(6-0805_N)
Added Component: Designator=R26(6-0805_N)
Added Component: Designator=R27(6-0805_N)
Added Component: Designator=R28(SOP8_TDA2822)
Added Component: Designator=R29(6-0805_N)
Added Component: Designator=R30(6-0805_N)
Added Component: Designator=R31(6-0805_N)
Added Component: Designator=R32(6-0805_N)
Added Component: Designator=R33(6-0805_N)
Added Component: Designator=R34(6-0805_N)
Added Component: Designator=R35(6-0805_N)
Added Component: Designator=R36(6-0805_N)
Added Component: Designator=R37(6-0805_N)
Added Component: Designator=R38(6-0805_N)
Added Component: Designator=R39(6-0805_N)
Added Component: Designator=R40(6-0805_N)
Added Component: Designator=S1(DIP-4)
Added Component: Designator=S2(SWP_PB_6.5mm)
Added Component: Designator=U1(MQ)
Added Component: Designator=U2(TS5B_L)
Added Component: Designator=U3(ESP-07_Wifi)
Added Component: Designator=U4(SOT223_N)
Added Component: Designator=U5(QFN-16)
Added Component: Designator=U6(LQFP64_L)
Added Component: Designator=U7(TO-92A)
Added Component: Designator=U8(M08A_M)
Added Component: Designator=U9(DIP-8)
Added Component: Designator=Y1(XTAL)
Added Pin To Net: NetName=+12V Pin=C1-1
Added Pin To Net: NetName=+12V Pin=C2-1
Added Pin To Net: NetName=PGND Pin=C3-2
Added Pin To Net: NetName=+3.3V Pin=C4-1
Added Pin To Net: NetName=SGND Pin=C4-2
Added Pin To Net: NetName=+3.3V Pin=C5-1
Added Pin To Net: NetName=SGND Pin=C5-2
Added Pin To Net: NetName=+5V Pin=C6-1
Added Pin To Net: NetName=PGND Pin=C6-2
Added Pin To Net: NetName=+12V Pin=C7-1
Added Pin To Net: NetName=+3.3V Pin=C8-1
Added Pin To Net: NetName=SGND Pin=C8-2
Added Pin To Net: NetName=+3.3V Pin=C9-1
Added Pin To Net: NetName=SGND Pin=C9-2
Added Pin To Net: NetName=SGND Pin=C10-1
Added Pin To Net: NetName=NetC10_2 Pin=C10-2
Added Pin To Net: NetName=+12V Pin=C11-1
Added Pin To Net: NetName=NetC11_2 Pin=C11-2
Added Pin To Net: NetName=FLD Pin=C12-1
Added Pin To Net: NetName=+3.3V Pin=C12-2
Added Pin To Net: NetName=FHD Pin=C13-1
Added Pin To Net: NetName=+3.3V Pin=C13-2
Added Pin To Net: NetName=NetC14_1 Pin=C14-1
Added Pin To Net: NetName=SGND Pin=C14-2
Added Pin To Net: NetName=NetC15_1 Pin=C15-1
Added Pin To Net: NetName=SGND Pin=C15-2
Added Pin To Net: NetName=LDLD Pin=C16-1
Added Pin To Net: NetName=+3.3V Pin=C16-2
Added Pin To Net: NetName=LDHD Pin=C17-1
Added Pin To Net: NetName=+3.3V Pin=C17-2
Added Pin To Net: NetName=PGND Pin=C18-1
Added Pin To Net: NetName=NetC18_2 Pin=C18-2
Added Pin To Net: NetName=+3.3V Pin=C19-1
Added Pin To Net: NetName=SGND Pin=C19-2
Added Pin To Net: NetName=+3.3V Pin=C20-1
Added Pin To Net: NetName=SGND Pin=C20-2
Added Pin To Net: NetName=SGND Pin=C21-1
Added Pin To Net: NetName=+3.3V Pin=C22-1
Added Pin To Net: NetName=SGND Pin=C22-2
Added Pin To Net: NetName=+3.3V Pin=C23-1
Added Pin To Net: NetName=SGND Pin=C23-2
Added Pin To Net: NetName=NetCB1_1 Pin=CB1-1
Added Pin To Net: NetName=+12V Pin=CB1-2
Added Pin To Net: NetName=NetD1_1 Pin=D1-1
Added Pin To Net: NetName=PGND Pin=D1-2
Added Pin To Net: NetName=+12V Pin=D2-2
Added Pin To Net: NetName=PGND Pin=D3-1
Added Pin To Net: NetName=+12V Pin=D4-2
Added Pin To Net: NetName=NetC11_2 Pin=D5-1
Added Pin To Net: NetName=+12V Pin=D5-2
Added Pin To Net: NetName=+5V Pin=L1-2
Added Pin To Net: NetName=+5V Pin=LS1-1
Added Pin To Net: NetName=NetLS1_2 Pin=LS1-2
Added Pin To Net: NetName=ADH Pin=P1-1
Added Pin To Net: NetName=ADL Pin=P1-2
Added Pin To Net: NetName=PGND Pin=P1-3
Added Pin To Net: NetName=NetCB1_1 Pin=P2-1
Added Pin To Net: NetName=PGND Pin=P2-2
Added Pin To Net: NetName=+12V Pin=P3-1
Added Pin To Net: NetName=+5V Pin=P4-1
Added Pin To Net: NetName=IO1 Pin=P4-2
Added Pin To Net: NetName=IO2 Pin=P4-3
Added Pin To Net: NetName=IO3 Pin=P4-4
Added Pin To Net: NetName=IO4 Pin=P4-5
Added Pin To Net: NetName=IO5 Pin=P4-6
Added Pin To Net: NetName=PGND Pin=P4-7
Added Pin To Net: NetName=+12V Pin=P5-1
Added Pin To Net: NetName=+12V Pin=P6-1
Added Pin To Net: NetName=SGND Pin=P7-2
Added Pin To Net: NetName=SR_LED Pin=P7-3
Added Pin To Net: NetName=SR_SW Pin=P7-4
Added Pin To Net: NetName=SR_VT Pin=P7-5
Added Pin To Net: NetName=+5V Pin=P7-10
Added Pin To Net: NetName=SGND Pin=P7-11
Added Pin To Net: NetName=+12V Pin=P8-1
Added Pin To Net: NetName=NetC11_2 Pin=P8-2
Added Pin To Net: NetName=+3.3V Pin=P9-1
Added Pin To Net: NetName=SWDIO Pin=P9-2
Added Pin To Net: NetName=SWCLK Pin=P9-3
Added Pin To Net: NetName=SGND Pin=P9-4
Added Pin To Net: NetName=+5V Pin=P10-1
Added Pin To Net: NetName=DEBUG_TX Pin=P10-2
Added Pin To Net: NetName=DEBUG_RX Pin=P10-3
Added Pin To Net: NetName=SGND Pin=P10-4
Added Pin To Net: NetName=FHD Pin=P11-1
Added Pin To Net: NetName=FLD Pin=P11-2
Added Pin To Net: NetName=PGND Pin=P11-3
Added Pin To Net: NetName=LDHD Pin=P12-1
Added Pin To Net: NetName=LDLD Pin=P12-2
Added Pin To Net: NetName=PGND Pin=P12-3
Added Pin To Net: NetName=NetP13_1 Pin=P13-1
Added Pin To Net: NetName=PGND Pin=P13-2
Added Pin To Net: NetName=NetQ1_1 Pin=Q1-1
Added Pin To Net: NetName=PGND Pin=Q1-3
Added Pin To Net: NetName=NetQ2_1 Pin=Q2-1
Added Pin To Net: NetName=SGND Pin=Q2-2
Added Pin To Net: NetName=NetQ1_1 Pin=Q2-3
Added Pin To Net: NetName=NetQ3_1 Pin=Q3-1
Added Pin To Net: NetName=PGND Pin=Q3-3
Added Pin To Net: NetName=NetQ4_1 Pin=Q4-1
Added Pin To Net: NetName=SGND Pin=Q4-2
Added Pin To Net: NetName=NetQ3_1 Pin=Q4-3
Added Pin To Net: NetName=NetQ5_1 Pin=Q5-1
Added Pin To Net: NetName=PGND Pin=Q5-2
Added Pin To Net: NetName=NetLS1_2 Pin=Q5-3
Added Pin To Net: NetName=NetQ6_1 Pin=Q6-1
Added Pin To Net: NetName=PGND Pin=Q6-3
Added Pin To Net: NetName=NetQ7_1 Pin=Q7-1
Added Pin To Net: NetName=SGND Pin=Q7-2
Added Pin To Net: NetName=NetQ6_1 Pin=Q7-3
Added Pin To Net: NetName=NetQ8_1 Pin=Q8-1
Added Pin To Net: NetName=NetC11_2 Pin=Q8-2
Added Pin To Net: NetName=PGND Pin=Q8-3
Added Pin To Net: NetName=NetQ9_1 Pin=Q9-1
Added Pin To Net: NetName=SGND Pin=Q9-2
Added Pin To Net: NetName=NetQ8_1 Pin=Q9-3
Added Pin To Net: NetName=PGND Pin=R1-1
Added Pin To Net: NetName=SGND Pin=R1-2
Added Pin To Net: NetName=NetD1_1 Pin=R2-1
Added Pin To Net: NetName=+12V Pin=R2-2
Added Pin To Net: NetName=+5V Pin=R3-1
Added Pin To Net: NetName=NetQ1_1 Pin=R3-2
Added Pin To Net: NetName=ALCOHOL_C Pin=R4-1
Added Pin To Net: NetName=PGND Pin=R4-2
Added Pin To Net: NetName=PUMP2 Pin=R5-1
Added Pin To Net: NetName=+3.3V Pin=R5-2
Added Pin To Net: NetName=PUMP2 Pin=R6-1
Added Pin To Net: NetName=NetQ2_1 Pin=R6-2
Added Pin To Net: NetName=+5V Pin=R7-1
Added Pin To Net: NetName=NetQ3_1 Pin=R7-2
Added Pin To Net: NetName=FIRE_UP Pin=R8-1
Added Pin To Net: NetName=+3.3V Pin=R8-2
Added Pin To Net: NetName=NetR9_1 Pin=R9-1
Added Pin To Net: NetName=+3.3V Pin=R9-2
Added Pin To Net: NetName=FIRE_UP Pin=R10-1
Added Pin To Net: NetName=NetQ4_1 Pin=R10-2
Added Pin To Net: NetName=NetR11_1 Pin=R11-1
Added Pin To Net: NetName=SGND Pin=R11-2
Added Pin To Net: NetName=NetQ5_1 Pin=R12-1
Added Pin To Net: NetName=BEE Pin=R12-2
Added Pin To Net: NetName=+5V Pin=R13-1
Added Pin To Net: NetName=NetQ6_1 Pin=R13-2
Added Pin To Net: NetName=FAN Pin=R14-1
Added Pin To Net: NetName=+3.3V Pin=R14-2
Added Pin To Net: NetName=MMA_SCL Pin=R15-1
Added Pin To Net: NetName=+3.3V Pin=R15-2
Added Pin To Net: NetName=MMA_SDA Pin=R16-1
Added Pin To Net: NetName=+3.3V Pin=R16-2
Added Pin To Net: NetName=FAN Pin=R17-1
Added Pin To Net: NetName=NetQ7_1 Pin=R17-2
Added Pin To Net: NetName=SR_D0 Pin=R18-2
Added Pin To Net: NetName=+5V Pin=R19-1
Added Pin To Net: NetName=NetQ8_1 Pin=R19-2
Added Pin To Net: NetName=SR_D1 Pin=R20-2
Added Pin To Net: NetName=SR_D2 Pin=R21-2
Added Pin To Net: NetName=PUMP1 Pin=R22-1
Added Pin To Net: NetName=+3.3V Pin=R22-2
Added Pin To Net: NetName=PUMP1 Pin=R23-1
Added Pin To Net: NetName=NetQ9_1 Pin=R23-2
Added Pin To Net: NetName=SGND Pin=R24-1
Added Pin To Net: NetName=MMA_SCL Pin=R24-2
Added Pin To Net: NetName=TEM Pin=R25-1
Added Pin To Net: NetName=+3.3V Pin=R25-2
Added Pin To Net: NetName=FLD Pin=R26-1
Added Pin To Net: NetName=+3.3V Pin=R26-2
Added Pin To Net: NetName=FHD Pin=R27-1
Added Pin To Net: NetName=+3.3V Pin=R27-2
Added Pin To Net: NetName=SGND Pin=R28-1
Added Pin To Net: NetName=SGND Pin=R28-2
Added Pin To Net: NetName=SGND Pin=R28-3
Added Pin To Net: NetName=SGND Pin=R28-4
Added Pin To Net: NetName=E2_SDA Pin=R28-5
Added Pin To Net: NetName=E2_SCL Pin=R28-6
Added Pin To Net: NetName=SGND Pin=R28-7
Added Pin To Net: NetName=+3.3V Pin=R28-8
Added Pin To Net: NetName=LDLD Pin=R29-1
Added Pin To Net: NetName=+3.3V Pin=R29-2
Added Pin To Net: NetName=LDHD Pin=R30-1
Added Pin To Net: NetName=+3.3V Pin=R30-2
Added Pin To Net: NetName=SGND Pin=R31-1
Added Pin To Net: NetName=+3.3V Pin=R33-1
Added Pin To Net: NetName=NetP13_1 Pin=R34-1
Added Pin To Net: NetName=YF_BUSY Pin=R35-2
Added Pin To Net: NetName=PGND Pin=R36-1
Added Pin To Net: NetName=YF_DATA Pin=R37-2
Added Pin To Net: NetName=NetR38_1 Pin=R38-1
Added Pin To Net: NetName=YF_RESET Pin=R38-2
Added Pin To Net: NetName=FIRE_TEM_D Pin=R39-1
Added Pin To Net: NetName=PGND Pin=R40-1
Added Pin To Net: NetName=FIRE_TEM_D Pin=R40-2
Added Pin To Net: NetName=SGND Pin=S1-1
Added Pin To Net: NetName=SGND Pin=S1-2
Added Pin To Net: NetName=SW2 Pin=S1-3
Added Pin To Net: NetName=SW1 Pin=S1-4
Added Pin To Net: NetName=SGND Pin=S2-1
Added Pin To Net: NetName=+5V Pin=U1-1
Added Pin To Net: NetName=+5V Pin=U1-2
Added Pin To Net: NetName=PGND Pin=U1-5
Added Pin To Net: NetName=ALCOHOL_C Pin=U1-6
Added Pin To Net: NetName=+5V Pin=U2-4
Added Pin To Net: NetName=+3.3V Pin=U3-1
Added Pin To Net: NetName=NetR9_1 Pin=U3-3
Added Pin To Net: NetName=+3.3V Pin=U3-8
Added Pin To Net: NetName=SGND Pin=U3-9
Added Pin To Net: NetName=NetR11_1 Pin=U3-10
Added Pin To Net: NetName=WIFI_RX Pin=U3-15
Added Pin To Net: NetName=WIFI_TX Pin=U3-16
Added Pin To Net: NetName=SGND Pin=U4-1
Added Pin To Net: NetName=+3.3V Pin=U4-2
Added Pin To Net: NetName=+5V Pin=U4-3
Added Pin To Net: NetName=+3.3V Pin=U5-1
Added Pin To Net: NetName=NetC10_2 Pin=U5-2
Added Pin To Net: NetName=MMA_SCL Pin=U5-4
Added Pin To Net: NetName=SGND Pin=U5-5
Added Pin To Net: NetName=MMA_SDA Pin=U5-6
Added Pin To Net: NetName=SGND Pin=U5-7
Added Pin To Net: NetName=SGND Pin=U5-10
Added Pin To Net: NetName=SGND Pin=U5-12
Added Pin To Net: NetName=+3.3V Pin=U5-14
Added Pin To Net: NetName=YF_BUSY Pin=U6-2
Added Pin To Net: NetName=YF_DATA Pin=U6-3
Added Pin To Net: NetName=YF_RESET Pin=U6-4
Added Pin To Net: NetName=NetC14_1 Pin=U6-5
Added Pin To Net: NetName=NetC15_1 Pin=U6-6
Added Pin To Net: NetName=FIRE_TEM_D Pin=U6-8
Added Pin To Net: NetName=ALC Pin=U6-9
Added Pin To Net: NetName=ALCOHOL_C Pin=U6-10
Added Pin To Net: NetName=SR_D0 Pin=U6-11
Added Pin To Net: NetName=SGND Pin=U6-12
Added Pin To Net: NetName=+3.3V Pin=U6-13
Added Pin To Net: NetName=SR_D2 Pin=U6-14
Added Pin To Net: NetName=SR_D1 Pin=U6-15
Added Pin To Net: NetName=WIFI_RX Pin=U6-16
Added Pin To Net: NetName=WIFI_TX Pin=U6-17
Added Pin To Net: NetName=SGND Pin=U6-18
Added Pin To Net: NetName=+3.3V Pin=U6-19
Added Pin To Net: NetName=SR_SW Pin=U6-20
Added Pin To Net: NetName=TTIM_SCLK Pin=U6-21
Added Pin To Net: NetName=TTIM_IO Pin=U6-22
Added Pin To Net: NetName=TTIM_RSI Pin=U6-23
Added Pin To Net: NetName=MMA_SDA Pin=U6-27
Added Pin To Net: NetName=MMA_SCL Pin=U6-28
Added Pin To Net: NetName=DEBUG_RX Pin=U6-29
Added Pin To Net: NetName=DEBUG_TX Pin=U6-30
Added Pin To Net: NetName=SGND Pin=U6-31
Added Pin To Net: NetName=+3.3V Pin=U6-32
Added Pin To Net: NetName=E2_SCL Pin=U6-33
Added Pin To Net: NetName=E2_SDA Pin=U6-34
Added Pin To Net: NetName=FAN Pin=U6-35
Added Pin To Net: NetName=PUMP1 Pin=U6-36
Added Pin To Net: NetName=PUMP2 Pin=U6-37
Added Pin To Net: NetName=TEM Pin=U6-39
Added Pin To Net: NetName=FIRE_UP Pin=U6-41
Added Pin To Net: NetName=SW1 Pin=U6-42
Added Pin To Net: NetName=SW2 Pin=U6-43
Added Pin To Net: NetName=FHD Pin=U6-44
Added Pin To Net: NetName=FLD Pin=U6-45
Added Pin To Net: NetName=SWDIO Pin=U6-46
Added Pin To Net: NetName=SGND Pin=U6-47
Added Pin To Net: NetName=+3.3V Pin=U6-48
Added Pin To Net: NetName=SWCLK Pin=U6-49
Added Pin To Net: NetName=LDHD Pin=U6-50
Added Pin To Net: NetName=LDLD Pin=U6-51
Added Pin To Net: NetName=ADH Pin=U6-52
Added Pin To Net: NetName=ADL Pin=U6-53
Added Pin To Net: NetName=BEE Pin=U6-54
Added Pin To Net: NetName=IO1 Pin=U6-55
Added Pin To Net: NetName=IO2 Pin=U6-56
Added Pin To Net: NetName=IO3 Pin=U6-57
Added Pin To Net: NetName=IO4 Pin=U6-58
Added Pin To Net: NetName=IO5 Pin=U6-59
Added Pin To Net: NetName=SGND Pin=U6-63
Added Pin To Net: NetName=+3.3V Pin=U6-64
Added Pin To Net: NetName=SGND Pin=U7-1
Added Pin To Net: NetName=TEM Pin=U7-2
Added Pin To Net: NetName=+3.3V Pin=U7-3
Added Pin To Net: NetName=PGND Pin=U8-4
Added Pin To Net: NetName=+5V Pin=U8-8
Added Pin To Net: NetName=NetC18_2 Pin=U9-1
Added Pin To Net: NetName=+5V Pin=U9-4
Added Pin To Net: NetName=PGND Pin=U9-5
Added Pin To Net: NetName=NetR38_1 Pin=U9-6
Added Pin To Net: NetName=NetC15_1 Pin=Y1-1
Added Pin To Net: NetName=NetC14_1 Pin=Y1-2
Added Pin To Net: NetName=NetC1_2 Pin=C1-2
Added Pin To Net: NetName=NetC1_2 Pin=C2-2
Added Pin To Net: NetName=NetC1_2 Pin=D2-1
Added Pin To Net: NetName=NetC1_2 Pin=P3-2
Added Pin To Net: NetName=NetC1_2 Pin=Q1-2
Added Net: Name=NetC1_2
Added Pin To Net: NetName=NetC3_1 Pin=C3-1
Added Pin To Net: NetName=NetC3_1 Pin=U2-1
Added Net: Name=NetC3_1
Added Pin To Net: NetName=NetC7_2 Pin=C7-2
Added Pin To Net: NetName=NetC7_2 Pin=D4-1
Added Pin To Net: NetName=NetC7_2 Pin=P6-2
Added Pin To Net: NetName=NetC7_2 Pin=Q6-2
Added Net: Name=NetC7_2
Added Pin To Net: NetName=NetC21_2 Pin=C21-2
Added Pin To Net: NetName=NetC21_2 Pin=R33-2
Added Pin To Net: NetName=NetC21_2 Pin=S2-2
Added Pin To Net: NetName=NetC21_2 Pin=U6-7
Added Net: Name=NetC21_2
Added Pin To Net: NetName=NetD3_2 Pin=D3-2
Added Pin To Net: NetName=NetD3_2 Pin=L1-1
Added Pin To Net: NetName=NetD3_2 Pin=U2-2
Added Net: Name=NetD3_2
Added Pin To Net: NetName=NetP5_2 Pin=P5-2
Added Pin To Net: NetName=NetP5_2 Pin=Q3-2
Added Net: Name=NetP5_2
Added Pin To Net: NetName=NetP7_6 Pin=P7-6
Added Pin To Net: NetName=NetP7_6 Pin=R18-1
Added Net: Name=NetP7_6
Added Pin To Net: NetName=NetP7_7 Pin=P7-7
Added Pin To Net: NetName=NetP7_7 Pin=R20-1
Added Net: Name=NetP7_7
Added Pin To Net: NetName=NetP7_8 Pin=P7-8
Added Pin To Net: NetName=NetP7_8 Pin=R21-1
Added Net: Name=NetP7_8
Added Pin To Net: NetName=NetP14_1 Pin=P14-1
Added Pin To Net: NetName=NetP14_1 Pin=U9-2
Added Net: Name=NetP14_1
Added Pin To Net: NetName=NetP14_2 Pin=P14-2
Added Pin To Net: NetName=NetP14_2 Pin=U9-3
Added Net: Name=NetP14_2
Added Pin To Net: NetName=NetR31_2 Pin=R31-2
Added Pin To Net: NetName=NetR31_2 Pin=U6-60
Added Net: Name=NetR31_2
Added Pin To Net: NetName=NetR32_1 Pin=R32-1
Added Pin To Net: NetName=NetR32_1 Pin=R34-2
Added Pin To Net: NetName=NetR32_1 Pin=U8-2
Added Net: Name=NetR32_1
Added Pin To Net: NetName=NetR32_2 Pin=R32-2
Added Pin To Net: NetName=NetR32_2 Pin=R39-2
Added Pin To Net: NetName=NetR32_2 Pin=U8-1
Added Net: Name=NetR32_2
Added Pin To Net: NetName=NetR35_1 Pin=R35-1
Added Pin To Net: NetName=NetR35_1 Pin=U9-8
Added Net: Name=NetR35_1
Added Pin To Net: NetName=NetR36_2 Pin=R36-2
Added Pin To Net: NetName=NetR36_2 Pin=U8-3
Added Net: Name=NetR36_2
Added Pin To Net: NetName=NetR37_1 Pin=R37-1
Added Pin To Net: NetName=NetR37_1 Pin=U9-7
Added Net: Name=NetR37_1
Added Pin To Net: NetName=NetU2_3 Pin=U2-3
Added Pin To Net: NetName=NetU2_3 Pin=U2-5
Added Net: Name=NetU2_3
Added Member To Class: ClassName=ArtFire Member=Component C1 Cap Pol1
Added Member To Class: ClassName=ArtFire Member=Component C2 Cap Semi
Added Member To Class: ClassName=ArtFire Member=Component C3 Cap Pol1
Added Member To Class: ClassName=ArtFire Member=Component C4 Cap Semi
Added Member To Class: ClassName=ArtFire Member=Component C5 Cap Pol1
Added Member To Class: ClassName=ArtFire Member=Component C6 Cap Pol1
Added Member To Class: ClassName=ArtFire Member=Component C7 Cap Semi
Added Member To Class: ClassName=ArtFire Member=Component C8 Cap Semi
Added Member To Class: ClassName=ArtFire Member=Component C9 Cap Pol1
Added Member To Class: ClassName=ArtFire Member=Component C10 Cap Semi
Added Member To Class: ClassName=ArtFire Member=Component C11 Cap Semi
Added Member To Class: ClassName=ArtFire Member=Component C12 Cap Semi
Added Member To Class: ClassName=ArtFire Member=Component C13 Cap Semi
Added Member To Class: ClassName=ArtFire Member=Component C14 Cap Semi
Added Member To Class: ClassName=ArtFire Member=Component C15 Cap Semi
Added Member To Class: ClassName=ArtFire Member=Component C16 Cap Semi
Added Member To Class: ClassName=ArtFire Member=Component C17 Cap Semi
Added Member To Class: ClassName=ArtFire Member=Component C18 Cap Semi
Added Member To Class: ClassName=ArtFire Member=Component C19 Cap Semi
Added Member To Class: ClassName=ArtFire Member=Component C20 Cap Semi
Added Member To Class: ClassName=ArtFire Member=Component C21 Cap Semi
Added Member To Class: ClassName=ArtFire Member=Component C22 Cap Semi
Added Member To Class: ClassName=ArtFire Member=Component C23 Cap Semi
Added Member To Class: ClassName=ArtFire Member=Component CB1 RF16700
Added Member To Class: ClassName=ArtFire Member=Component D1 PWR
Added Member To Class: ClassName=ArtFire Member=Component D2 Diode
Added Member To Class: ClassName=ArtFire Member=Component D3 1N5822
Added Member To Class: ClassName=ArtFire Member=Component D4 Diode
Added Member To Class: ClassName=ArtFire Member=Component D5 Diode
Added Member To Class: ClassName=ArtFire Member=Component L1 Inductor
Added Member To Class: ClassName=ArtFire Member=Component LS1 Buzzer
Added Member To Class: ClassName=ArtFire Member=Component P1 Alcohol_Detect
Added Member To Class: ClassName=ArtFire Member=Component P2 HB-9500
Added Member To Class: ClassName=ArtFire Member=Component P3 Pump2
Added Member To Class: ClassName=ArtFire Member=Component P4 XH2.54-7P
Added Member To Class: ClassName=ArtFire Member=Component P5 Fire_UP
Added Member To Class: ClassName=ArtFire Member=Component P6 Fan
Added Member To Class: ClassName=ArtFire Member=Component P7 Superheterodyne_Receiver
Added Member To Class: ClassName=ArtFire Member=Component P8 Pump_1
Added Member To Class: ClassName=ArtFire Member=Component P9 Debug_Port
Added Member To Class: ClassName=ArtFire Member=Component P10 UART_Debug_Port
Added Member To Class: ClassName=ArtFire Member=Component P11 Fire_Detect
Added Member To Class: ClassName=ArtFire Member=Component P12 Leakage_Detect
Added Member To Class: ClassName=ArtFire Member=Component P13 thermoelectric_couple
Added Member To Class: ClassName=ArtFire Member=Component P14 Speaker
Added Member To Class: ClassName=ArtFire Member=Component Q1 ADO484
Added Member To Class: ClassName=ArtFire Member=Component Q2 NPN
Added Member To Class: ClassName=ArtFire Member=Component Q3 ADO484
Added Member To Class: ClassName=ArtFire Member=Component Q4 NPN
Added Member To Class: ClassName=ArtFire Member=Component Q5 NPN
Added Member To Class: ClassName=ArtFire Member=Component Q6 ADO484
Added Member To Class: ClassName=ArtFire Member=Component Q7 NPN
Added Member To Class: ClassName=ArtFire Member=Component Q8 ADO484
Added Member To Class: ClassName=ArtFire Member=Component Q9 NPN
Added Member To Class: ClassName=ArtFire Member=Component R1 Res3
Added Member To Class: ClassName=ArtFire Member=Component R2 Res
Added Member To Class: ClassName=ArtFire Member=Component R3 Res3
Added Member To Class: ClassName=ArtFire Member=Component R4 Res3
Added Member To Class: ClassName=ArtFire Member=Component R5 Res3
Added Member To Class: ClassName=ArtFire Member=Component R6 Res3
Added Member To Class: ClassName=ArtFire Member=Component R7 Res3
Added Member To Class: ClassName=ArtFire Member=Component R8 Res3
Added Member To Class: ClassName=ArtFire Member=Component R9 Res3
Added Member To Class: ClassName=ArtFire Member=Component R10 Res3
Added Member To Class: ClassName=ArtFire Member=Component R11 Res3
Added Member To Class: ClassName=ArtFire Member=Component R12 Res3
Added Member To Class: ClassName=ArtFire Member=Component R13 Res3
Added Member To Class: ClassName=ArtFire Member=Component R14 Res3
Added Member To Class: ClassName=ArtFire Member=Component R15 Res3
Added Member To Class: ClassName=ArtFire Member=Component R16 Res3
Added Member To Class: ClassName=ArtFire Member=Component R17 Res3
Added Member To Class: ClassName=ArtFire Member=Component R18 Res3
Added Member To Class: ClassName=ArtFire Member=Component R19 Res3
Added Member To Class: ClassName=ArtFire Member=Component R20 Res3
Added Member To Class: ClassName=ArtFire Member=Component R21 Res3
Added Member To Class: ClassName=ArtFire Member=Component R22 Res3
Added Member To Class: ClassName=ArtFire Member=Component R23 Res3
Added Member To Class: ClassName=ArtFire Member=Component R24 Res3
Added Member To Class: ClassName=ArtFire Member=Component R25 Res3
Added Member To Class: ClassName=ArtFire Member=Component R26 Res3
Added Member To Class: ClassName=ArtFire Member=Component R27 Res3
Added Member To Class: ClassName=ArtFire Member=Component R28 AT24C02
Added Member To Class: ClassName=ArtFire Member=Component R29 Res3
Added Member To Class: ClassName=ArtFire Member=Component R30 Res3
Added Member To Class: ClassName=ArtFire Member=Component R31 Res3
Added Member To Class: ClassName=ArtFire Member=Component R32 Res3
Added Member To Class: ClassName=ArtFire Member=Component R33 Res3
Added Member To Class: ClassName=ArtFire Member=Component R34 Res3
Added Member To Class: ClassName=ArtFire Member=Component R35 Res3
Added Member To Class: ClassName=ArtFire Member=Component R36 Res3
Added Member To Class: ClassName=ArtFire Member=Component R37 Res3
Added Member To Class: ClassName=ArtFire Member=Component R38 Res3
Added Member To Class: ClassName=ArtFire Member=Component R39 Res3
Added Member To Class: ClassName=ArtFire Member=Component R40 Res3
Added Member To Class: ClassName=ArtFire Member=Component S1 SW DIP-2
Added Member To Class: ClassName=ArtFire Member=Component S2 Reset
Added Member To Class: ClassName=ArtFire Member=Component U1 MQ_Alcohol
Added Member To Class: ClassName=ArtFire Member=Component U2 LM2576SX-5.0
Added Member To Class: ClassName=ArtFire Member=Component U3 ESP-07
Added Member To Class: ClassName=ArtFire Member=Component U4 AMS1117
Added Member To Class: ClassName=ArtFire Member=Component U5 MMA8452Q
Added Member To Class: ClassName=ArtFire Member=Component U6 STM32F103RBT7
Added Member To Class: ClassName=ArtFire Member=Component U7 DS18B20
Added Member To Class: ClassName=ArtFire Member=Component U8 LM358AMX
Added Member To Class: ClassName=ArtFire Member=Component U9 YF017
Added Member To Class: ClassName=ArtFire Member=Component Y1 XTAL
Added Room: Name=ArtFire
