Removed Pin From Net: NetName=VB+ Pin=C3-1
Removed Pin From Net: NetName=VB+ Pin=C4-1
Removed Pin From Net: NetName=VB+ Pin=L1-1
Removed Pin From Net: NetName=FP6291EN Pin=R5-1
Removed Pin From Net: NetName=VB+ Pin=U2-5
Added Component: Designator=Q1(AO-SOT23-3_V)
Added Component: Designator=Q2(SOT-23B_L)
Added Component: Designator=R16(6-0805_N)
Added Component: Designator=R17(6-0805_N)
Added Pin To Net: NetName=VB+ Pin=Q1-2
Added Pin To Net: NetName=VB+ Pin=Q2-3
Added Pin To Net: NetName=VB+ Pin=R5-2
Added Pin To Net: NetName=FP6291EN Pin=R16-1
Added Pin To Net: NetName=NetC3_1 Pin=C3-1
Added Pin To Net: NetName=NetC3_1 Pin=C4-1
Added Pin To Net: NetName=NetC3_1 Pin=L1-1
Added Pin To Net: NetName=NetC3_1 Pin=Q1-3
Added Pin To Net: NetName=NetC3_1 Pin=U2-4
Added Pin To Net: NetName=NetC3_1 Pin=U2-5
Added Net: Name=NetC3_1
Added Pin To Net: NetName=NetQ1_1 Pin=Q1-1
Added Pin To Net: NetName=NetQ1_1 Pin=Q2-1
Added Pin To Net: NetName=NetQ1_1 Pin=R17-1
Added Net: Name=NetQ1_1
Added Pin To Net: NetName=NetQ2_2 Pin=Q2-2
Added Pin To Net: NetName=NetQ2_2 Pin=R5-1
Added Pin To Net: NetName=NetQ2_2 Pin=R16-2
Added Net: Name=NetQ2_2
Added Pin To Net: NetName=SGND Pin=R17-2
Added Net: Name=SGND
Added Member To Class: ClassName=AdControl Member=Component Q1 AO3400
Added Member To Class: ClassName=AdControl Member=Component Q2 PNP
Added Member To Class: ClassName=AdControl Member=Component R16 Res3
Added Member To Class: ClassName=AdControl Member=Component R17 Res3
Added Room: Name=AdControl
