Removed Pin From Net: NetName=NetQ1_1 Pin=Q2-1
Removed Pin From Net: NetName=NetQ3_1 Pin=Q4-1
Removed Pin From Net: NetName=NetLS1_2 Pin=Q5-1
Removed Pin From Net: NetName=NetQ6_1 Pin=Q7-1
Removed Pin From Net: NetName=NetQ8_1 Pin=Q9-1
Change Component DesignItemId : Designator=P10 Old DesignItemId=KF3.96 New DesignItemId=CH3.96_2P
Change Component Footprint: Designator=P10 Old Footprint=KF3.96_2P New Footprint=CH3.96_2P
Change Component Footprint: Designator=Q2 Old Footprint=SOT23_L New Footprint=SOT-23_N
Change Component Footprint: Designator=Q4 Old Footprint=SOT23_L New Footprint=SOT-23_N
Change Component Footprint: Designator=Q5 Old Footprint=SOT23_L New Footprint=SOT-23_N
Change Component Footprint: Designator=Q7 Old Footprint=SOT23_L New Footprint=SOT-23_N
Change Component Footprint: Designator=Q9 Old Footprint=SOT23_L New Footprint=SOT-23_N
Change Component Comment : Designator=D2 Old Comment=ADO484 New Comment=Diode
Change Component Comment : Designator=P13 Old Comment=XH2.54-2P New Comment=Speaker
Change Component Library : Designator=P7 Old Library=KF3.96.SchLib New Library=KF3.96.IntLib
Change Component Library : Designator=P13 Old Library=XH2.54.SchLib New Library=XH2.54.IntLib
Added Pin To Net: NetName=NetQ1_1 Pin=Q2-3
Added Pin To Net: NetName=NetQ3_1 Pin=Q4-3
Added Pin To Net: NetName=NetLS1_2 Pin=Q5-3
Added Pin To Net: NetName=NetQ6_1 Pin=Q7-3
Added Pin To Net: NetName=NetQ8_1 Pin=Q9-3
Added Pin To Net: NetName=NetR3_1 Pin=U6-26
Added Pin To Net: NetName=FHD Pin=U6-44
Added Pin To Net: NetName=FLD Pin=U6-45
Added Pin To Net: NetName=LDHD Pin=U6-50
Added Pin To Net: NetName=LDLD Pin=U6-51
Added Pin To Net: NetName=PGND Pin=U6-61
Change Net Name : Old Net Name=NetR3_1 New Net Name=ALCOHOL_C
Change Net Name : Old Net Name=PGND New Net Name=IO6
Added Pin To Net: NetName=ADH Pin=P2-1
Added Pin To Net: NetName=ADH Pin=U6-52
Added Net: Name=ADH
Added Pin To Net: NetName=ADL Pin=P2-2
Added Pin To Net: NetName=ADL Pin=U6-53
Added Net: Name=ADL
Added Pin To Net: NetName=ALDC1 Pin=P4-1
Added Pin To Net: NetName=ALDC1 Pin=U6-15
Added Net: Name=ALDC1
Added Pin To Net: NetName=ALDC2 Pin=P4-2
Added Pin To Net: NetName=ALDC2 Pin=U6-20
Added Net: Name=ALDC2
Added Pin To Net: NetName=BEE Pin=R10-2
Added Pin To Net: NetName=BEE Pin=U6-41
Added Net: Name=BEE
Added Pin To Net: NetName=DEBUG_RX Pin=P12-2
Added Pin To Net: NetName=DEBUG_RX Pin=U6-29
Added Net: Name=DEBUG_RX
Added Pin To Net: NetName=DEBUG_TX Pin=P12-3
Added Pin To Net: NetName=DEBUG_TX Pin=U6-30
Added Net: Name=DEBUG_TX
Added Pin To Net: NetName=E2_SCL Pin=R22-6
Added Pin To Net: NetName=E2_SCL Pin=U6-33
Added Net: Name=E2_SCL
Added Pin To Net: NetName=E2_SDA Pin=R22-5
Added Pin To Net: NetName=E2_SDA Pin=U6-34
Added Net: Name=E2_SDA
Added Pin To Net: NetName=FAN Pin=R13-1
Added Pin To Net: NetName=FAN Pin=U6-36
Added Net: Name=FAN
Added Pin To Net: NetName=FIRE_TEM_D Pin=R28-1
Added Pin To Net: NetName=FIRE_TEM_D Pin=R29-2
Added Pin To Net: NetName=FIRE_TEM_D Pin=U6-8
Added Net: Name=FIRE_TEM_D
Added Pin To Net: NetName=FIRE_UP Pin=R8-1
Added Pin To Net: NetName=FIRE_UP Pin=U6-38
Added Net: Name=FIRE_UP
Added Pin To Net: NetName=IO1 Pin=P6-2
Added Pin To Net: NetName=IO1 Pin=U6-55
Added Net: Name=IO1
Added Pin To Net: NetName=IO2 Pin=P6-3
Added Pin To Net: NetName=IO2 Pin=U6-56
Added Net: Name=IO2
Added Pin To Net: NetName=IO3 Pin=P6-4
Added Pin To Net: NetName=IO3 Pin=U6-57
Added Net: Name=IO3
Added Pin To Net: NetName=IO4 Pin=P6-5
Added Pin To Net: NetName=IO4 Pin=U6-58
Added Net: Name=IO4
Added Pin To Net: NetName=IO5 Pin=P6-6
Added Pin To Net: NetName=IO5 Pin=U6-59
Added Net: Name=IO5
Added Pin To Net: NetName=MMA_SCL Pin=R15-2
Added Pin To Net: NetName=MMA_SCL Pin=R18-2
Added Pin To Net: NetName=MMA_SCL Pin=U5-6
Added Pin To Net: NetName=MMA_SCL Pin=U6-28
Added Net: Name=MMA_SCL
Added Pin To Net: NetName=MMA_SDA Pin=R14-2
Added Pin To Net: NetName=MMA_SDA Pin=U5-7
Added Pin To Net: NetName=MMA_SDA Pin=U6-27
Added Net: Name=MMA_SDA
Added Pin To Net: NetName=NetQ2_1 Pin=Q2-1
Added Pin To Net: NetName=NetQ2_1 Pin=R6-2
Added Net: Name=NetQ2_1
Added Pin To Net: NetName=NetQ4_1 Pin=Q4-1
Added Pin To Net: NetName=NetQ4_1 Pin=R8-2
Added Net: Name=NetQ4_1
Added Pin To Net: NetName=NetQ5_1 Pin=Q5-1
Added Pin To Net: NetName=NetQ5_1 Pin=R10-1
Added Net: Name=NetQ5_1
Added Pin To Net: NetName=NetQ7_1 Pin=Q7-1
Added Pin To Net: NetName=NetQ7_1 Pin=R13-2
Added Net: Name=NetQ7_1
Added Pin To Net: NetName=NetQ9_1 Pin=Q9-1
Added Pin To Net: NetName=NetQ9_1 Pin=R17-2
Added Net: Name=NetQ9_1
Added Pin To Net: NetName=PUMP1 Pin=P1-2
Added Pin To Net: NetName=PUMP1 Pin=U6-62
Added Net: Name=PUMP1
Added Pin To Net: NetName=PUMP2 Pin=R6-1
Added Pin To Net: NetName=PUMP2 Pin=U6-37
Added Net: Name=PUMP2
Added Pin To Net: NetName=PUMP_BAK Pin=R17-1
Added Pin To Net: NetName=PUMP_BAK Pin=U6-35
Added Net: Name=PUMP_BAK
Added Pin To Net: NetName=SR_D0 Pin=P9-6
Added Net: Name=SR_D0
Added Pin To Net: NetName=SR_D1 Pin=P9-7
Added Pin To Net: NetName=SR_D1 Pin=U6-9
Added Net: Name=SR_D1
Added Pin To Net: NetName=SR_D2 Pin=P9-8
Added Pin To Net: NetName=SR_D2 Pin=U6-10
Added Net: Name=SR_D2
Added Pin To Net: NetName=SR_D3 Pin=U6-11
Added Net: Name=SR_D3
Added Pin To Net: NetName=SR_LED Pin=P9-3
Added Net: Name=SR_LED
Added Pin To Net: NetName=SR_SW Pin=P9-4
Added Net: Name=SR_SW
Added Pin To Net: NetName=SR_VT Pin=P9-5
Added Pin To Net: NetName=SR_VT Pin=U6-14
Added Net: Name=SR_VT
Added Pin To Net: NetName=TTIM_IO Pin=U6-22
Added Pin To Net: NetName=TTIM_IO Pin=U9-6
Added Net: Name=TTIM_IO
Added Pin To Net: NetName=TTIM_RSI Pin=U6-23
Added Pin To Net: NetName=TTIM_RSI Pin=U9-5
Added Net: Name=TTIM_RSI
Added Pin To Net: NetName=TTIM_SCLK Pin=U6-21
Added Pin To Net: NetName=TTIM_SCLK Pin=U9-7
Added Net: Name=TTIM_SCLK
Added Pin To Net: NetName=WIFI_RX Pin=U2-15
Added Pin To Net: NetName=WIFI_RX Pin=U6-16
Added Net: Name=WIFI_RX
Added Pin To Net: NetName=WIFI_TX Pin=U2-16
Added Pin To Net: NetName=WIFI_TX Pin=U6-17
Added Net: Name=WIFI_TX
Added Pin To Net: NetName=YF_BUSY Pin=U6-2
Added Pin To Net: NetName=YF_BUSY Pin=U7-8
Added Net: Name=YF_BUSY
Added Pin To Net: NetName=YF_DATA Pin=U6-3
Added Pin To Net: NetName=YF_DATA Pin=U7-7
Added Net: Name=YF_DATA
Added Pin To Net: NetName=YF_RESET Pin=U6-4
Added Pin To Net: NetName=YF_RESET Pin=U7-6
Added Net: Name=YF_RESET
Added Room: Name=ArtFire
