Added Component: Designator=BT1(Battery_1302)
Added Component: Designator=C1(6-0805_N)
Added Component: Designator=C2(6-0805_N)
Added Component: Designator=C3(6-0805_N)
Added Component: Designator=C4(Cap_5*4mm)
Added Component: Designator=C5(Cap_5*4mm)
Added Component: Designator=C6(6-0805_N)
Added Component: Designator=C7(6-0805_N)
Added Component: Designator=C8(Cap_5*4mm)
Added Component: Designator=C9(6-0805_N)
Added Component: Designator=C10(6-0805_N)
Added Component: Designator=C11(6-0805_N)
Added Component: Designator=C12(6-0805_N)
Added Component: Designator=C13(6-0805_N)
Added Component: Designator=C14(6-0805_N)
Added Component: Designator=C15(6-0805_N)
Added Component: Designator=C16(6-0805_N)
Added Component: Designator=C17(6-0805_N)
Added Component: Designator=C18(6-0805_N)
Added Component: Designator=C19(6-0805_N)
Added Component: Designator=C20(6-0805_N)
Added Component: Designator=C21(Cap_5*4mm)
Added Component: Designator=C22(6-0805_N)
Added Component: Designator=C23(Cap_5*4mm)
Added Component: Designator=C24(6-0805_N)
Added Component: Designator=C25(Cap_5*4mm)
Added Component: Designator=C26(6-0805_N)
Added Component: Designator=C27(Cap_5*4mm)
Added Component: Designator=D1(LED-0)
Added Component: Designator=D2(US1M)
Added Component: Designator=D3(US1M)
Added Component: Designator=D4(US1M)
Added Component: Designator=LS1(BUZZER)
Added Component: Designator=P1(XH2.54-3P)
Added Component: Designator=P2(XH2.54-3P)
Added Component: Designator=P3(HB-9500)
Added Component: Designator=P4(XH2.54-3P)
Added Component: Designator=P5(CH3.96_2P)
Added Component: Designator=P9(Sperheterodyne_Receiver)
Added Component: Designator=P11(HDR1X4)
Added Component: Designator=P12(HDR1X4)
Added Component: Designator=P14(CH3.96_3P)
Added Component: Designator=P15(XH2.54-3P)
Added Component: Designator=P16(CH3.96_2P)
Added Component: Designator=Q1(TO-220AB)
Added Component: Designator=Q2(TO-226-AA)
Added Component: Designator=Q3(TO-220AB)
Added Component: Designator=Q4(TO-226-AA)
Added Component: Designator=Q5(TO-226-AA)
Added Component: Designator=Q6(TO-220AB)
Added Component: Designator=Q7(TO-226-AA)
Added Component: Designator=Q8(TO-220AB)
Added Component: Designator=Q9(TO-226-AA)
Added Component: Designator=R1(6-0805_N)
Added Component: Designator=R2(6-0805_N)
Added Component: Designator=R3(6-0805_N)
Added Component: Designator=R4(6-0805_N)
Added Component: Designator=R5(VR5)
Added Component: Designator=R6(6-0805_N)
Added Component: Designator=R7(6-0805_N)
Added Component: Designator=R8(6-0805_N)
Added Component: Designator=R9(6-0805_N)
Added Component: Designator=R10(6-0805_N)
Added Component: Designator=R11(6-0805_N)
Added Component: Designator=R12(6-0805_N)
Added Component: Designator=R13(6-0805_N)
Added Component: Designator=R14(6-0805_N)
Added Component: Designator=R15(6-0805_N)
Added Component: Designator=R16(6-0805_N)
Added Component: Designator=R17(6-0805_N)
Added Component: Designator=R18(6-0805_N)
Added Component: Designator=R19(6-0805_N)
Added Component: Designator=R20(6-0805_N)
Added Component: Designator=R21(6-0805_N)
Added Component: Designator=R22(SOP8_TDA2822)
Added Component: Designator=R23(6-0805_N)
Added Component: Designator=R24(6-0805_N)
Added Component: Designator=R25(6-0805_N)
Added Component: Designator=R26(6-0805_N)
Added Component: Designator=R27(6-0805_N)
Added Component: Designator=R28(6-0805_N)
Added Component: Designator=R29(6-0805_N)
Added Component: Designator=R30(6-0805_N)
Added Component: Designator=U1(MQ)
Added Component: Designator=U2(ESP-07_Wifi)
Added Component: Designator=U3(D2PAK_N)
Added Component: Designator=U4(SOT223_N)
Added Component: Designator=U5(DFN-10P)
Added Component: Designator=U6(LQFP64_L)
Added Component: Designator=U7(DIP-8)
Added Component: Designator=U8(TO-92A)
Added Component: Designator=U9(SOP8_TDA2822)
Added Component: Designator=U10(M08A_M)
Added Component: Designator=Y1(XTAL)
Added Component: Designator=Y2(32.768Cystal)
Added Pin To Net: NetName=NetBT1_1 Pin=BT1-1
Added Pin To Net: NetName=SGND Pin=BT1-2
Added Pin To Net: NetName=+12V Pin=C1-1
Added Pin To Net: NetName=PGND Pin=C1-2
Added Pin To Net: NetName=+12V Pin=C2-1
Added Pin To Net: NetName=NetC2_2 Pin=C2-2
Added Pin To Net: NetName=+3.3V Pin=C3-1
Added Pin To Net: NetName=SGND Pin=C3-2
Added Pin To Net: NetName=+3.3V Pin=C4-1
Added Pin To Net: NetName=SGND Pin=C4-2
Added Pin To Net: NetName=+5V Pin=C5-1
Added Pin To Net: NetName=PGND Pin=C5-2
Added Pin To Net: NetName=+5V Pin=C6-1
Added Pin To Net: NetName=PGND Pin=C6-2
Added Pin To Net: NetName=+3.3V Pin=C7-1
Added Pin To Net: NetName=SGND Pin=C7-2
Added Pin To Net: NetName=+3.3V Pin=C8-1
Added Pin To Net: NetName=SGND Pin=C8-2
Added Pin To Net: NetName=+12V Pin=C9-1
Added Pin To Net: NetName=NetC9_2 Pin=C9-2
Added Pin To Net: NetName=+12V Pin=C10-1
Added Pin To Net: NetName=NetC10_2 Pin=C10-2
Added Pin To Net: NetName=PGND Pin=C11-1
Added Pin To Net: NetName=NetC11_2 Pin=C11-2
Added Pin To Net: NetName=FLD Pin=C12-1
Added Pin To Net: NetName=+3.3V Pin=C12-2
Added Pin To Net: NetName=FHD Pin=C13-1
Added Pin To Net: NetName=+3.3V Pin=C13-2
Added Pin To Net: NetName=NetC14_1 Pin=C14-1
Added Pin To Net: NetName=SGND Pin=C14-2
Added Pin To Net: NetName=NetC15_1 Pin=C15-1
Added Pin To Net: NetName=SGND Pin=C15-2
Added Pin To Net: NetName=LDLD Pin=C16-1
Added Pin To Net: NetName=+3.3V Pin=C16-2
Added Pin To Net: NetName=LDHD Pin=C17-1
Added Pin To Net: NetName=+3.3V Pin=C17-2
Added Pin To Net: NetName=SGND Pin=C18-1
Added Pin To Net: NetName=NetC18_2 Pin=C18-2
Added Pin To Net: NetName=SGND Pin=C19-1
Added Pin To Net: NetName=NetC19_2 Pin=C19-2
Added Pin To Net: NetName=+3.3V Pin=C20-1
Added Pin To Net: NetName=SGND Pin=C20-2
Added Pin To Net: NetName=+3.3V Pin=C21-1
Added Pin To Net: NetName=SGND Pin=C21-2
Added Pin To Net: NetName=+3.3V Pin=C22-1
Added Pin To Net: NetName=SGND Pin=C22-2
Added Pin To Net: NetName=+3.3V Pin=C23-1
Added Pin To Net: NetName=SGND Pin=C23-2
Added Pin To Net: NetName=+3.3V Pin=C24-1
Added Pin To Net: NetName=SGND Pin=C24-2
Added Pin To Net: NetName=+3.3V Pin=C25-1
Added Pin To Net: NetName=SGND Pin=C25-2
Added Pin To Net: NetName=+3.3V Pin=C26-1
Added Pin To Net: NetName=SGND Pin=C26-2
Added Pin To Net: NetName=+3.3V Pin=C27-1
Added Pin To Net: NetName=SGND Pin=C27-2
Added Pin To Net: NetName=NetD1_1 Pin=D1-1
Added Pin To Net: NetName=PGND Pin=D1-2
Added Pin To Net: NetName=NetC2_2 Pin=D2-1
Added Pin To Net: NetName=+12V Pin=D2-2
Added Pin To Net: NetName=NetC9_2 Pin=D3-1
Added Pin To Net: NetName=+12V Pin=D3-2
Added Pin To Net: NetName=NetC10_2 Pin=D4-1
Added Pin To Net: NetName=+12V Pin=D4-2
Added Pin To Net: NetName=+5V Pin=LS1-1
Added Pin To Net: NetName=NetLS1_2 Pin=LS1-2
Added Pin To Net: NetName=+12V Pin=P1-1
Added Pin To Net: NetName=PGND Pin=P1-3
Added Pin To Net: NetName=PGND Pin=P2-3
Added Pin To Net: NetName=+12V Pin=P3-1
Added Pin To Net: NetName=PGND Pin=P3-2
Added Pin To Net: NetName=PGND Pin=P4-3
Added Pin To Net: NetName=+12V Pin=P5-1
Added Pin To Net: NetName=NetC2_2 Pin=P5-2
Added Pin To Net: NetName=SGND Pin=P9-2
Added Pin To Net: NetName=+5V Pin=P9-10
Added Pin To Net: NetName=SGND Pin=P9-11
Added Pin To Net: NetName=+3.3V Pin=P11-1
Added Pin To Net: NetName=SWDIO Pin=P11-2
Added Pin To Net: NetName=SWCLK Pin=P11-3
Added Pin To Net: NetName=SGND Pin=P11-4
Added Pin To Net: NetName=+5V Pin=P12-1
Added Pin To Net: NetName=SGND Pin=P12-4
Added Pin To Net: NetName=FHD Pin=P14-1
Added Pin To Net: NetName=FLD Pin=P14-2
Added Pin To Net: NetName=PGND Pin=P14-3
Added Pin To Net: NetName=LDHD Pin=P15-1
Added Pin To Net: NetName=LDLD Pin=P15-2
Added Pin To Net: NetName=PGND Pin=P15-3
Added Pin To Net: NetName=NetP16_1 Pin=P16-1
Added Pin To Net: NetName=PGND Pin=P16-2
Added Pin To Net: NetName=NetQ1_1 Pin=Q1-1
Added Pin To Net: NetName=NetC2_2 Pin=Q1-2
Added Pin To Net: NetName=PGND Pin=Q1-3
Added Pin To Net: NetName=NetQ1_1 Pin=Q2-1
Added Pin To Net: NetName=NetQ2_2 Pin=Q2-2
Added Pin To Net: NetName=SGND Pin=Q2-3
Added Pin To Net: NetName=NetQ3_1 Pin=Q3-1
Added Pin To Net: NetName=NetP7_2 Pin=Q3-2
Added Pin To Net: NetName=PGND Pin=Q3-3
Added Pin To Net: NetName=NetQ3_1 Pin=Q4-1
Added Pin To Net: NetName=NetQ4_2 Pin=Q4-2
Added Pin To Net: NetName=SGND Pin=Q4-3
Added Pin To Net: NetName=NetLS1_2 Pin=Q5-1
Added Pin To Net: NetName=NetQ5_2 Pin=Q5-2
Added Pin To Net: NetName=PGND Pin=Q5-3
Added Pin To Net: NetName=NetQ6_1 Pin=Q6-1
Added Pin To Net: NetName=NetC9_2 Pin=Q6-2
Added Pin To Net: NetName=PGND Pin=Q6-3
Added Pin To Net: NetName=NetQ6_1 Pin=Q7-1
Added Pin To Net: NetName=NetQ7_2 Pin=Q7-2
Added Pin To Net: NetName=SGND Pin=Q7-3
Added Pin To Net: NetName=NetQ8_1 Pin=Q8-1
Added Pin To Net: NetName=NetC10_2 Pin=Q8-2
Added Pin To Net: NetName=PGND Pin=Q8-3
Added Pin To Net: NetName=NetQ8_1 Pin=Q9-1
Added Pin To Net: NetName=NetQ9_2 Pin=Q9-2
Added Pin To Net: NetName=SGND Pin=Q9-3
Added Pin To Net: NetName=PGND Pin=R1-1
Added Pin To Net: NetName=SGND Pin=R1-2
Added Pin To Net: NetName=NetD1_1 Pin=R2-1
Added Pin To Net: NetName=+12V Pin=R2-2
Added Pin To Net: NetName=NetR3_1 Pin=R3-1
Added Pin To Net: NetName=PGND Pin=R3-2
Added Pin To Net: NetName=+5V Pin=R4-1
Added Pin To Net: NetName=NetQ1_1 Pin=R4-2
Added Pin To Net: NetName=NetR3_1 Pin=R5-1
Added Pin To Net: NetName=PGND Pin=R5-2
Added Pin To Net: NetName=NetQ2_2 Pin=R6-2
Added Pin To Net: NetName=+5V Pin=R7-1
Added Pin To Net: NetName=NetQ3_1 Pin=R7-2
Added Pin To Net: NetName=NetQ4_2 Pin=R8-2
Added Pin To Net: NetName=NetR9_1 Pin=R9-1
Added Pin To Net: NetName=+3.3V Pin=R9-2
Added Pin To Net: NetName=NetQ5_2 Pin=R10-1
Added Pin To Net: NetName=NetR11_1 Pin=R11-1
Added Pin To Net: NetName=SGND Pin=R11-2
Added Pin To Net: NetName=+5V Pin=R12-1
Added Pin To Net: NetName=NetQ6_1 Pin=R12-2
Added Pin To Net: NetName=NetQ7_2 Pin=R13-2
Added Pin To Net: NetName=+3.3V Pin=R14-1
Added Pin To Net: NetName=NetR14_2 Pin=R14-2
Added Pin To Net: NetName=+3.3V Pin=R15-1
Added Pin To Net: NetName=NetR15_2 Pin=R15-2
Added Pin To Net: NetName=+5V Pin=R16-1
Added Pin To Net: NetName=NetQ8_1 Pin=R16-2
Added Pin To Net: NetName=NetQ9_2 Pin=R17-2
Added Pin To Net: NetName=SGND Pin=R18-1
Added Pin To Net: NetName=NetR18_2 Pin=R18-2
Added Pin To Net: NetName=TEM Pin=R19-1
Added Pin To Net: NetName=+5V Pin=R19-2
Added Pin To Net: NetName=FLD Pin=R20-1
Added Pin To Net: NetName=+3.3V Pin=R20-2
Added Pin To Net: NetName=FHD Pin=R21-1
Added Pin To Net: NetName=+3.3V Pin=R21-2
Added Pin To Net: NetName=SGND Pin=R22-1
Added Pin To Net: NetName=SGND Pin=R22-2
Added Pin To Net: NetName=SGND Pin=R22-3
Added Pin To Net: NetName=SGND Pin=R22-4
Added Pin To Net: NetName=SGND Pin=R22-7
Added Pin To Net: NetName=+3.3V Pin=R22-8
Added Pin To Net: NetName=LDLD Pin=R23-1
Added Pin To Net: NetName=+3.3V Pin=R23-2
Added Pin To Net: NetName=LDHD Pin=R24-1
Added Pin To Net: NetName=+3.3V Pin=R24-2
Added Pin To Net: NetName=+3.3V Pin=R25-1
Added Pin To Net: NetName=NetR25_2 Pin=R25-2
Added Pin To Net: NetName=NetP16_1 Pin=R26-1
Added Pin To Net: NetName=NetR26_2 Pin=R26-2
Added Pin To Net: NetName=NetR27_1 Pin=R27-1
Added Pin To Net: NetName=NetR27_2 Pin=R27-2
Added Pin To Net: NetName=NetR28_1 Pin=R28-1
Added Pin To Net: NetName=NetR27_2 Pin=R28-2
Added Pin To Net: NetName=PGND Pin=R29-1
Added Pin To Net: NetName=NetR28_1 Pin=R29-2
Added Pin To Net: NetName=PGND Pin=R30-1
Added Pin To Net: NetName=NetR27_1 Pin=R30-2
Added Pin To Net: NetName=+5V Pin=U1-1
Added Pin To Net: NetName=+5V Pin=U1-2
Added Pin To Net: NetName=PGND Pin=U1-5
Added Pin To Net: NetName=NetR3_1 Pin=U1-6
Added Pin To Net: NetName=+3.3V Pin=U2-1
Added Pin To Net: NetName=NetR9_1 Pin=U2-3
Added Pin To Net: NetName=+3.3V Pin=U2-8
Added Pin To Net: NetName=SGND Pin=U2-9
Added Pin To Net: NetName=NetR11_1 Pin=U2-10
Added Pin To Net: NetName=+12V Pin=U3-1
Added Pin To Net: NetName=PGND Pin=U3-2
Added Pin To Net: NetName=+5V Pin=U3-3
Added Pin To Net: NetName=SGND Pin=U4-1
Added Pin To Net: NetName=+3.3V Pin=U4-2
Added Pin To Net: NetName=+5V Pin=U4-3
Added Pin To Net: NetName=SGND Pin=U5-1
Added Pin To Net: NetName=+3.3V Pin=U5-3
Added Pin To Net: NetName=SGND Pin=U5-4
Added Pin To Net: NetName=NetR15_2 Pin=U5-6
Added Pin To Net: NetName=NetR14_2 Pin=U5-7
Added Pin To Net: NetName=SGND Pin=U5-8
Added Pin To Net: NetName=+3.3V Pin=U5-9
Added Pin To Net: NetName=NetC14_1 Pin=U6-5
Added Pin To Net: NetName=NetC15_1 Pin=U6-6
Added Pin To Net: NetName=SGND Pin=U6-12
Added Pin To Net: NetName=+3.3V Pin=U6-13
Added Pin To Net: NetName=SGND Pin=U6-18
Added Pin To Net: NetName=+3.3V Pin=U6-19
Added Pin To Net: NetName=NetR18_2 Pin=U6-28
Added Pin To Net: NetName=SGND Pin=U6-31
Added Pin To Net: NetName=+3.3V Pin=U6-32
Added Pin To Net: NetName=SWDIO Pin=U6-46
Added Pin To Net: NetName=SGND Pin=U6-47
Added Pin To Net: NetName=+3.3V Pin=U6-48
Added Pin To Net: NetName=SWCLK Pin=U6-49
Added Pin To Net: NetName=NetR25_2 Pin=U6-60
Added Pin To Net: NetName=SGND Pin=U6-63
Added Pin To Net: NetName=+3.3V Pin=U6-64
Added Pin To Net: NetName=NetC11_2 Pin=U7-1
Added Pin To Net: NetName=NetP13_1 Pin=U7-2
Added Pin To Net: NetName=NetP13_2 Pin=U7-3
Added Pin To Net: NetName=+5V Pin=U7-4
Added Pin To Net: NetName=PGND Pin=U7-5
Added Pin To Net: NetName=SGND Pin=U8-1
Added Pin To Net: NetName=TEM Pin=U8-2
Added Pin To Net: NetName=+5V Pin=U8-3
Added Pin To Net: NetName=+5V Pin=U9-1
Added Pin To Net: NetName=NetC18_2 Pin=U9-2
Added Pin To Net: NetName=NetC19_2 Pin=U9-3
Added Pin To Net: NetName=SGND Pin=U9-4
Added Pin To Net: NetName=NetBT1_1 Pin=U9-8
Added Pin To Net: NetName=NetR27_2 Pin=U10-1
Added Pin To Net: NetName=NetR27_1 Pin=U10-2
Added Pin To Net: NetName=NetR26_2 Pin=U10-3
Added Pin To Net: NetName=+5V Pin=U10-4
Added Pin To Net: NetName=PGND Pin=U10-8
Added Pin To Net: NetName=NetC15_1 Pin=Y1-1
Added Pin To Net: NetName=NetC14_1 Pin=Y1-2
Added Pin To Net: NetName=NetC19_2 Pin=Y2-1
Added Pin To Net: NetName=NetC18_2 Pin=Y2-2
Added Member To Class: ClassName=ArtFire Member=Component BT1 Battery
Added Member To Class: ClassName=ArtFire Member=Component C1 Cap Semi
Added Member To Class: ClassName=ArtFire Member=Component C2 Cap Semi
Added Member To Class: ClassName=ArtFire Member=Component C3 Cap Semi
Added Member To Class: ClassName=ArtFire Member=Component C4 Cap Pol1
Added Member To Class: ClassName=ArtFire Member=Component C5 Cap Pol1
Added Member To Class: ClassName=ArtFire Member=Component C6 Cap Semi
Added Member To Class: ClassName=ArtFire Member=Component C7 Cap Semi
Added Member To Class: ClassName=ArtFire Member=Component C8 Cap Pol1
Added Member To Class: ClassName=ArtFire Member=Component C9 Cap Semi
Added Member To Class: ClassName=ArtFire Member=Component C10 Cap Semi
Added Member To Class: ClassName=ArtFire Member=Component C11 Cap Semi
Added Member To Class: ClassName=ArtFire Member=Component C12 Cap Semi
Added Member To Class: ClassName=ArtFire Member=Component C13 Cap Semi
Added Member To Class: ClassName=ArtFire Member=Component C14 Cap Semi
Added Member To Class: ClassName=ArtFire Member=Component C15 Cap Semi
Added Member To Class: ClassName=ArtFire Member=Component C16 Cap Semi
Added Member To Class: ClassName=ArtFire Member=Component C17 Cap Semi
Added Member To Class: ClassName=ArtFire Member=Component C18 Cap Semi
Added Member To Class: ClassName=ArtFire Member=Component C19 Cap Semi
Added Member To Class: ClassName=ArtFire Member=Component C20 Cap Semi
Added Member To Class: ClassName=ArtFire Member=Component C21 Cap Pol1
Added Member To Class: ClassName=ArtFire Member=Component C22 Cap Semi
Added Member To Class: ClassName=ArtFire Member=Component C23 Cap Pol1
Added Member To Class: ClassName=ArtFire Member=Component C24 Cap Semi
Added Member To Class: ClassName=ArtFire Member=Component C25 Cap Pol1
Added Member To Class: ClassName=ArtFire Member=Component C26 Cap Semi
Added Member To Class: ClassName=ArtFire Member=Component C27 Cap Pol1
Added Member To Class: ClassName=ArtFire Member=Component D1 PWR
Added Member To Class: ClassName=ArtFire Member=Component D2 Diode
Added Member To Class: ClassName=ArtFire Member=Component D3 Diode
Added Member To Class: ClassName=ArtFire Member=Component D4 Diode
Added Member To Class: ClassName=ArtFire Member=Component LS1 Buzzer
Added Member To Class: ClassName=ArtFire Member=Component P1 Pump1
Added Member To Class: ClassName=ArtFire Member=Component P2 Alcohol_Detect
Added Member To Class: ClassName=ArtFire Member=Component P3 HB-9500
Added Member To Class: ClassName=ArtFire Member=Component P4 Alcohol_Detect_C
Added Member To Class: ClassName=ArtFire Member=Component P5 Pump2
Added Member To Class: ClassName=ArtFire Member=Component P9 Superheterodyne_Receiver
Added Member To Class: ClassName=ArtFire Member=Component P11 Debug_Port
Added Member To Class: ClassName=ArtFire Member=Component P12 UART_Debug_Port
Added Member To Class: ClassName=ArtFire Member=Component P14 Fire_Detect
Added Member To Class: ClassName=ArtFire Member=Component P15 Leakage_Detect
Added Member To Class: ClassName=ArtFire Member=Component P16 Thermocouple
Added Member To Class: ClassName=ArtFire Member=Component Q1 NMOS-2
Added Member To Class: ClassName=ArtFire Member=Component Q2 NPN
Added Member To Class: ClassName=ArtFire Member=Component Q3 NMOS-2
Added Member To Class: ClassName=ArtFire Member=Component Q4 NPN
Added Member To Class: ClassName=ArtFire Member=Component Q5 NPN
Added Member To Class: ClassName=ArtFire Member=Component Q6 NMOS-2
Added Member To Class: ClassName=ArtFire Member=Component Q7 NPN
Added Member To Class: ClassName=ArtFire Member=Component Q8 NMOS-2
Added Member To Class: ClassName=ArtFire Member=Component Q9 NPN
Added Member To Class: ClassName=ArtFire Member=Component R1 Res3
Added Member To Class: ClassName=ArtFire Member=Component R2 Res
Added Member To Class: ClassName=ArtFire Member=Component R3 Res3
Added Member To Class: ClassName=ArtFire Member=Component R4 Res3
Added Member To Class: ClassName=ArtFire Member=Component R5 Res_Pot
Added Member To Class: ClassName=ArtFire Member=Component R6 Res3
Added Member To Class: ClassName=ArtFire Member=Component R7 Res3
Added Member To Class: ClassName=ArtFire Member=Component R8 Res3
Added Member To Class: ClassName=ArtFire Member=Component R9 Res3
Added Member To Class: ClassName=ArtFire Member=Component R10 Res3
Added Member To Class: ClassName=ArtFire Member=Component R11 Res3
Added Member To Class: ClassName=ArtFire Member=Component R12 Res3
Added Member To Class: ClassName=ArtFire Member=Component R13 Res3
Added Member To Class: ClassName=ArtFire Member=Component R14 Res3
Added Member To Class: ClassName=ArtFire Member=Component R15 Res3
Added Member To Class: ClassName=ArtFire Member=Component R16 Res3
Added Member To Class: ClassName=ArtFire Member=Component R17 Res3
Added Member To Class: ClassName=ArtFire Member=Component R18 Res3
Added Member To Class: ClassName=ArtFire Member=Component R19 Res3
Added Member To Class: ClassName=ArtFire Member=Component R20 Res3
Added Member To Class: ClassName=ArtFire Member=Component R21 Res3
Added Member To Class: ClassName=ArtFire Member=Component R22 AT24C02
Added Member To Class: ClassName=ArtFire Member=Component R23 Res3
Added Member To Class: ClassName=ArtFire Member=Component R24 Res3
Added Member To Class: ClassName=ArtFire Member=Component R25 Res3
Added Member To Class: ClassName=ArtFire Member=Component R26 Res3
Added Member To Class: ClassName=ArtFire Member=Component R27 Res3
Added Member To Class: ClassName=ArtFire Member=Component R28 Res3
Added Member To Class: ClassName=ArtFire Member=Component R29 Res3
Added Member To Class: ClassName=ArtFire Member=Component R30 Res3
Added Member To Class: ClassName=ArtFire Member=Component U1 MQ_Alcohol
Added Member To Class: ClassName=ArtFire Member=Component U2 ESP-07
Added Member To Class: ClassName=ArtFire Member=Component U3 L7805CD2T-TR
Added Member To Class: ClassName=ArtFire Member=Component U4 AMS1117
Added Member To Class: ClassName=ArtFire Member=Component U5 MMA7660FC
Added Member To Class: ClassName=ArtFire Member=Component U6 STM32F103RBT7
Added Member To Class: ClassName=ArtFire Member=Component U7 YF017
Added Member To Class: ClassName=ArtFire Member=Component U8 DS18B20
Added Member To Class: ClassName=ArtFire Member=Component U9 DS1302
Added Member To Class: ClassName=ArtFire Member=Component U10 LM358AMX
Added Member To Class: ClassName=ArtFire Member=Component Y1 XTAL
Added Member To Class: ClassName=ArtFire Member=Component Y2 XTAL
Added Room: Name=ArtFire
