Removed Pin From Net: NetName=+5V Pin=C5-1
Removed Pin From Net: NetName=+5V Pin=C6-1
Removed Pin From Net: NetName=+3.3V Pin=C8-1
Removed Pin From Net: NetName=+3.3V Pin=C9-1
Removed Pin From Net: NetName=+3.3V Pin=C10-1
Removed Pin From Net: NetName=+3.3V Pin=C11-1
Removed Pin From Net: NetName=+3.3V Pin=C12-1
Removed Pin From Net: NetName=+3.3V Pin=C13-1
Removed Pin From Net: NetName=+3.3V Pin=C14-1
Removed Pin From Net: NetName=NetC16_2 Pin=C16-2
Removed Pin From Net: NetName=NetD2_1 Pin=D2-1
Removed Pin From Net: NetName=+5V Pin=D2-2
Removed Pin From Net: NetName=NetD2_1 Pin=L1-2
Removed Pin From Net: NetName=+5V Pin=P2-1
Removed Pin From Net: NetName=+5V Pin=P3-1
Removed Pin From Net: NetName=DEBUG_TX Pin=P3-2
Removed Pin From Net: NetName=DEBUG_RX Pin=P3-3
Removed Pin From Net: NetName=+3.3V Pin=P4-1
Removed Pin From Net: NetName=SWDIO Pin=P4-2
Removed Pin From Net: NetName=SWCLK Pin=P4-3
Removed Pin From Net: NetName=NetQ1_1 Pin=Q1-1
Removed Pin From Net: NetName=NetQ1_1 Pin=Q2-1
Removed Pin From Net: NetName=+5V Pin=R7-1
Removed Pin From Net: NetName=NetR9_2 Pin=R9-2
Removed Pin From Net: NetName=NetR9_2 Pin=R11-1
Removed Pin From Net: NetName=+3.3V Pin=R12-2
Removed Pin From Net: NetName=+3.3V Pin=R13-1
Removed Pin From Net: NetName=NetC16_2 Pin=R13-2
Removed Pin From Net: NetName=NetQ1_1 Pin=R17-1
Removed Pin From Net: NetName=NetC16_2 Pin=S1-2
Removed Pin From Net: NetName=NetD2_1 Pin=U2-1
Removed Pin From Net: NetName=+3.3V Pin=U3-3
Removed Pin From Net: NetName=NetC16_2 Pin=U4-7
Removed Pin From Net: NetName=+3.3V Pin=U4-9
Removed Pin From Net: NetName=NetR9_2 Pin=U4-17
Removed Pin From Net: NetName=DEBUG_TX Pin=U4-21
Removed Pin From Net: NetName=DEBUG_RX Pin=U4-22
Removed Pin From Net: NetName=+3.3V Pin=U4-24
Removed Pin From Net: NetName=WIFI_RX Pin=U4-30
Removed Pin From Net: NetName=WIFI_TX Pin=U4-31
Removed Pin From Net: NetName=SWDIO Pin=U4-34
Removed Pin From Net: NetName=+3.3V Pin=U4-36
Removed Pin From Net: NetName=SWCLK Pin=U4-37
Removed Pin From Net: NetName=+3.3V Pin=U4-48
Removed Pin From Net: NetName=+3.3V Pin=U5-1
Removed Pin From Net: NetName=+3.3V Pin=U5-8
Removed Pin From Net: NetName=WIFI_RX Pin=U5-15
Removed Pin From Net: NetName=WIFI_TX Pin=U5-16
Removed Pin From Net: NetName=+3.3V Pin=U6-3
Removed Pin From Net: NetName=+5V Pin=U7-1
Removed Pin From Net: NetName=SR_SW Pin=U10-34
Added Pin To Net: NetName=SR_SW Pin=P7-6
Added Member To Class: ClassName=ArtFire Member=Component C1 Cap Semi
Added Member To Class: ClassName=ArtFire Member=Component C2 Cap Semi
Added Member To Class: ClassName=ArtFire Member=Component C3 Cap Semi
Added Member To Class: ClassName=ArtFire Member=Component C4 Cap Pol1
Added Member To Class: ClassName=ArtFire Member=Component C5 Cap Semi
Added Member To Class: ClassName=ArtFire Member=Component C6 Cap Pol1
Added Member To Class: ClassName=ArtFire Member=Component C7 Cap Pol1
Added Member To Class: ClassName=ArtFire Member=Component C8 Cap Pol1
Added Member To Class: ClassName=ArtFire Member=Component C9 Cap Semi
Added Member To Class: ClassName=ArtFire Member=Component C10 Cap Semi
Added Member To Class: ClassName=ArtFire Member=Component C11 Cap Pol1
Added Member To Class: ClassName=ArtFire Member=Component C12 Cap Semi
Added Member To Class: ClassName=ArtFire Member=Component C13 Cap Semi
Added Member To Class: ClassName=ArtFire Member=Component C14 Cap Pol1
Added Member To Class: ClassName=ArtFire Member=Component C15 Cap Semi
Added Member To Class: ClassName=ArtFire Member=Component C16 Cap Semi
Added Member To Class: ClassName=ArtFire Member=Component C17 Cap Semi
Added Member To Class: ClassName=ArtFire Member=Component D1 Diode US1M
Added Member To Class: ClassName=ArtFire Member=Component D2 PWR
Added Member To Class: ClassName=ArtFire Member=Component L1 Inductor
Added Member To Class: ClassName=ArtFire Member=Component P2 Pump2
Added Member To Class: ClassName=ArtFire Member=Component P3 4R Speaker
Added Member To Class: ClassName=ArtFire Member=Component P4 Fire_UP
Added Member To Class: ClassName=ArtFire Member=Component Q1 ADO484
Added Member To Class: ClassName=ArtFire Member=Component Q2 NPN
Added Member To Class: ClassName=ArtFire Member=Component R1 Res3
Added Member To Class: ClassName=ArtFire Member=Component R2 Res3
Added Member To Class: ClassName=ArtFire Member=Component R3 Res3
Added Member To Class: ClassName=ArtFire Member=Component R4 Res
Added Member To Class: ClassName=ArtFire Member=Component R5 Res3
Added Member To Class: ClassName=ArtFire Member=Component R6 Res3
Added Member To Class: ClassName=ArtFire Member=Component R7 Res3
Added Member To Class: ClassName=ArtFire Member=Component R8 Res3
Added Member To Class: ClassName=ArtFire Member=Component R9 Res3
Added Member To Class: ClassName=ArtFire Member=Component R10 Res3
Added Member To Class: ClassName=ArtFire Member=Component R11 Res3
Added Member To Class: ClassName=ArtFire Member=Component R12 Res3
Added Member To Class: ClassName=ArtFire Member=Component R13 Res3
Added Member To Class: ClassName=ArtFire Member=Component R14 Res3
Added Member To Class: ClassName=ArtFire Member=Component R15 Res3
Added Member To Class: ClassName=ArtFire Member=Component R16 Res3
Added Member To Class: ClassName=ArtFire Member=Component R17 Res3
Added Member To Class: ClassName=ArtFire Member=Component S1 SW DIP-8
Added Member To Class: ClassName=ArtFire Member=Component U1 MQ_Alcohol
Added Member To Class: ClassName=ArtFire Member=Component U2 M62429
Added Member To Class: ClassName=ArtFire Member=Component U3 LM2576SX-5.0
Added Member To Class: ClassName=ArtFire Member=Component U4 AMS1117
Added Member To Class: ClassName=ArtFire Member=Component U5 ESP-07
Added Member To Class: ClassName=ArtFire Member=Component U6 LM2904M
Added Member To Class: ClassName=ArtFire Member=Component U7 DS18B20
Added Member To Class: ClassName=ArtFire Member=Component Y1 XTAL
Added Room: Name=ArtFire
