Removed Pin From Net: NetName=NetQ2_2 Pin=Q2-2
Removed Pin From Net: NetName=SGND Pin=Q2-3
Removed Pin From Net: NetName=NetQ4_2 Pin=Q4-2
Removed Pin From Net: NetName=SGND Pin=Q4-3
Removed Pin From Net: NetName=NetQ7_2 Pin=Q7-2
Removed Pin From Net: NetName=SGND Pin=Q7-3
Removed Pin From Net: NetName=NetQ9_2 Pin=Q9-2
Removed Pin From Net: NetName=SGND Pin=Q9-3
Added Pin To Net: NetName=SGND Pin=Q2-2
Added Pin To Net: NetName=NetQ2_2 Pin=Q2-3
Added Pin To Net: NetName=SGND Pin=Q4-2
Added Pin To Net: NetName=NetQ4_2 Pin=Q4-3
Added Pin To Net: NetName=SGND Pin=Q7-2
Added Pin To Net: NetName=NetQ7_2 Pin=Q7-3
Added Pin To Net: NetName=SGND Pin=Q9-2
Added Pin To Net: NetName=NetQ9_2 Pin=Q9-3
Change Net Name : Old Net Name=NetQ2_2 New Net Name=NetQ2_3
Change Net Name : Old Net Name=NetQ4_2 New Net Name=NetQ4_3
Change Net Name : Old Net Name=NetQ7_2 New Net Name=NetQ7_3
Change Net Name : Old Net Name=NetQ9_2 New Net Name=NetQ9_3
Added Room: Name=ArtFire
