Change Component Description : Designator=U3 Old Description=SIMPLE SWITCHER? 3A Step-Down Voltage Regulator, 5-pin TO-263 New Description=SIMPLE SWITCHER? 3A Step-Down Voltage Regulator, 5-pin TO-263
Added Component: Designator=C7(CAP_6.3*5.4MM)
Added Component: Designator=C45(6-0805_N)
Added Component: Designator=C46(Cap_5*4mm)
Added Component: Designator=C47(6-0805_N)
Added Component: Designator=C48(Cap_5*4mm)
Added Component: Designator=C49(6-0805_N)
Added Component: Designator=C50(Cap_5*4mm)
Added Pin To Net: NetName=+12V Pin=C7-1
Added Pin To Net: NetName=PGND Pin=C7-2
Added Pin To Net: NetName=+5V Pin=C45-1
Added Pin To Net: NetName=PGND Pin=C45-2
Added Pin To Net: NetName=+5V Pin=C46-1
Added Pin To Net: NetName=PGND Pin=C46-2
Added Pin To Net: NetName=+5V Pin=C47-1
Added Pin To Net: NetName=PGND Pin=C47-2
Added Pin To Net: NetName=+5V Pin=C48-1
Added Pin To Net: NetName=PGND Pin=C48-2
Added Pin To Net: NetName=+5V Pin=C49-1
Added Pin To Net: NetName=PGND Pin=C49-2
Added Pin To Net: NetName=+5V Pin=C50-1
Added Pin To Net: NetName=PGND Pin=C50-2
Added Member To Class: ClassName=ArtFire Member=Component C7 Cap Pol1
Added Member To Class: ClassName=ArtFire Member=Component C45 Cap Semi
Added Member To Class: ClassName=ArtFire Member=Component C46 Cap Pol1
Added Member To Class: ClassName=ArtFire Member=Component C47 Cap Semi
Added Member To Class: ClassName=ArtFire Member=Component C48 Cap Pol1
Added Member To Class: ClassName=ArtFire Member=Component C49 Cap Semi
Added Member To Class: ClassName=ArtFire Member=Component C50 Cap Pol1
Added Room: Name=ArtFire
