Removed Pin From Net: NetName=WIFI_RX Pin=U10-16
Removed Pin From Net: NetName=WIFI_TX Pin=U10-17
Removed Pin From Net: NetName=PUMP2 Pin=U10-21
Removed Pin From Net: NetName=ADH_IN Pin=U10-22
Removed Pin From Net: NetName=ADL_IN Pin=U10-23
Removed Pin From Net: NetName=DEBUG_RX Pin=U10-29
Removed Pin From Net: NetName=DEBUG_TX Pin=U10-30
Added Pin To Net: NetName=FAN Pin=R43-2
Added Pin To Net: NetName=SW4 Pin=U10-2
Added Pin To Net: NetName=PUMP2 Pin=U10-16
Added Pin To Net: NetName=ADH_IN Pin=U10-17
Added Pin To Net: NetName=ADL_IN Pin=U10-21
Added Pin To Net: NetName=LDLD_IN Pin=U10-22
Added Pin To Net: NetName=LDHD_IN Pin=U10-23
Added Pin To Net: NetName=TEM Pin=U10-27
Added Pin To Net: NetName=FAN Pin=U10-28
Added Pin To Net: NetName=WIFI_RX Pin=U10-29
Added Pin To Net: NetName=WIFI_TX Pin=U10-30
Added Pin To Net: NetName=SR_D1 Pin=U10-33
Added Pin To Net: NetName=SR_D2 Pin=U10-34
Added Pin To Net: NetName=SR_D0 Pin=U10-35
Added Pin To Net: NetName=SR_SW Pin=U10-36
Added Pin To Net: NetName=E2_SCL Pin=U10-37
Added Pin To Net: NetName=E2_SDA Pin=U10-38
Added Pin To Net: NetName=SW7 Pin=U10-39
Added Pin To Net: NetName=SW8 Pin=U10-40
Added Pin To Net: NetName=DEBUG_TX Pin=U10-42
Added Pin To Net: NetName=DEBUG_RX Pin=U10-43
Added Pin To Net: NetName=SW5 Pin=U10-44
Added Pin To Net: NetName=SW6 Pin=U10-45
Added Pin To Net: NetName=SW1 Pin=U10-51
Added Pin To Net: NetName=SW2 Pin=U10-52
Added Pin To Net: NetName=SW3 Pin=U10-53
Added Pin To Net: NetName=MMA_SDA Pin=U10-56
Added Pin To Net: NetName=MMA_SCL Pin=U10-57
Added Pin To Net: NetName=IO1 Pin=U10-58
Added Pin To Net: NetName=IO2 Pin=U10-59
Added Pin To Net: NetName=IO3 Pin=U10-61
Added Pin To Net: NetName=IO4 Pin=U10-62
Added Room: Name=ArtFire
