Added Component: Designator=BT1(KF3.96_2P)
Added Component: Designator=C1(CAP_6.3*5.4MM)
Added Component: Designator=C2(Cap_5*4mm)
Added Component: Designator=C3(6-0805_N)
Added Component: Designator=C4(Cap_5*4mm)
Added Component: Designator=C5(6-0805_N)
Added Component: Designator=C6(Cap_5*4mm)
Added Component: Designator=C7(Cap_5*4mm)
Added Component: Designator=C8(Cap_5*4mm)
Added Component: Designator=C9(6-0805_N)
Added Component: Designator=C10(Cap_5*4mm)
Added Component: Designator=C11(6-0805_N)
Added Component: Designator=C12(6-0805_N)
Added Component: Designator=C13(6-0805_N)
Added Component: Designator=C14(6-0805_N)
Added Component: Designator=C15(6-0805_N)
Added Component: Designator=C16(6-0805_N)
Added Component: Designator=C17(6-0805_N)
Added Component: Designator=D1(6-0805_N)
Added Component: Designator=D2(US1M)
Added Component: Designator=J1(KLD-3.5-1.3mm)
Added Component: Designator=L1(AXIAL-0.9)
Added Component: Designator=P1(1.25Connector)
Added Component: Designator=P2(XH2.54-4P)
Added Component: Designator=P3(HDR1X4)
Added Component: Designator=P4(HDR1X4)
Added Component: Designator=R1(6-0805_N)
Added Component: Designator=R2(6-0805_N)
Added Component: Designator=R3(6-0805_N)
Added Component: Designator=R4(6-0805_N)
Added Component: Designator=R5(6-0805_N)
Added Component: Designator=R6(6-0805_N)
Added Component: Designator=R7(6-0805_N)
Added Component: Designator=R8(6-0805_N)
Added Component: Designator=R9(6-0805_N)
Added Component: Designator=R10(6-0805_N)
Added Component: Designator=R11(6-0805_N)
Added Component: Designator=R12(6-0805_N)
Added Component: Designator=R13(6-0805_N)
Added Component: Designator=R14(6-0805_N)
Added Component: Designator=R15(6-0805_N)
Added Component: Designator=S1(SWP_PB_6.5mm)
Added Component: Designator=U1(Power_SOP8)
Added Component: Designator=U2(SOT23-6L)
Added Component: Designator=U3(SOT89_N)
Added Component: Designator=U4(STM-LQFP48_L)
Added Component: Designator=U5(ESP-07_Wifi)
Added Component: Designator=Y1(OSC_5032_2Pin)
Added Pin To Net: NetName=+3.3V Pin=C8-1
Added Pin To Net: NetName=+3.3V Pin=C9-1
Added Pin To Net: NetName=+3.3V Pin=C10-1
Added Pin To Net: NetName=+3.3V Pin=C11-1
Added Pin To Net: NetName=+3.3V Pin=C12-1
Added Pin To Net: NetName=+3.3V Pin=C13-1
Added Pin To Net: NetName=+3.3V Pin=C14-1
Added Pin To Net: NetName=+3.3V Pin=P4-1
Added Pin To Net: NetName=+3.3V Pin=R12-2
Added Pin To Net: NetName=+3.3V Pin=R13-1
Added Pin To Net: NetName=+3.3V Pin=U3-3
Added Pin To Net: NetName=+3.3V Pin=U4-9
Added Pin To Net: NetName=+3.3V Pin=U4-24
Added Pin To Net: NetName=+3.3V Pin=U4-36
Added Pin To Net: NetName=+3.3V Pin=U4-48
Added Pin To Net: NetName=+3.3V Pin=U5-1
Added Pin To Net: NetName=+3.3V Pin=U5-8
Added Net: Name=+3.3V
Added Pin To Net: NetName=+5V_IN Pin=C1-1
Added Pin To Net: NetName=+5V_IN Pin=J1-1
Added Pin To Net: NetName=+5V_IN Pin=U1-4
Added Pin To Net: NetName=+5V_IN Pin=U1-8
Added Net: Name=+5V_IN
Added Pin To Net: NetName=+5V Pin=C5-1
Added Pin To Net: NetName=+5V Pin=C6-1
Added Pin To Net: NetName=+5V Pin=D2-2
Added Pin To Net: NetName=+5V Pin=P1-4
Added Pin To Net: NetName=+5V Pin=P2-1
Added Pin To Net: NetName=+5V Pin=P3-1
Added Pin To Net: NetName=+5V Pin=R7-1
Added Net: Name=+5V
Added Pin To Net: NetName=C\H\R\G\ Pin=R3-2
Added Pin To Net: NetName=C\H\R\G\ Pin=U4-17
Added Net: Name=C\H\R\G\
Added Pin To Net: NetName=CO2PWM Pin=P1-1
Added Pin To Net: NetName=CO2PWM Pin=U4-10
Added Net: Name=CO2PWM
Added Pin To Net: NetName=DEBUG_RX Pin=P3-3
Added Pin To Net: NetName=DEBUG_RX Pin=U4-31
Added Net: Name=DEBUG_RX
Added Pin To Net: NetName=DEBUG_TX Pin=P3-2
Added Pin To Net: NetName=DEBUG_TX Pin=U4-30
Added Net: Name=DEBUG_TX
Added Pin To Net: NetName=FP6291EN Pin=R5-1
Added Pin To Net: NetName=FP6291EN Pin=U4-14
Added Net: Name=FP6291EN
Added Pin To Net: NetName=GND Pin=BT1-2
Added Pin To Net: NetName=GND Pin=C1-2
Added Pin To Net: NetName=GND Pin=C2-2
Added Pin To Net: NetName=GND Pin=C3-2
Added Pin To Net: NetName=GND Pin=C4-2
Added Pin To Net: NetName=GND Pin=C5-2
Added Pin To Net: NetName=GND Pin=C6-2
Added Pin To Net: NetName=GND Pin=C7-2
Added Pin To Net: NetName=GND Pin=C8-2
Added Pin To Net: NetName=GND Pin=C11-2
Added Pin To Net: NetName=GND Pin=C12-2
Added Pin To Net: NetName=GND Pin=C13-2
Added Pin To Net: NetName=GND Pin=C14-2
Added Pin To Net: NetName=GND Pin=C15-2
Added Pin To Net: NetName=GND Pin=C16-1
Added Pin To Net: NetName=GND Pin=C17-2
Added Pin To Net: NetName=GND Pin=D1-2
Added Pin To Net: NetName=GND Pin=J1-2
Added Pin To Net: NetName=GND Pin=J1-3
Added Pin To Net: NetName=GND Pin=P1-5
Added Pin To Net: NetName=GND Pin=P2-4
Added Pin To Net: NetName=GND Pin=P3-4
Added Pin To Net: NetName=GND Pin=P4-4
Added Pin To Net: NetName=GND Pin=R4-2
Added Pin To Net: NetName=GND Pin=R6-2
Added Pin To Net: NetName=GND Pin=R8-2
Added Pin To Net: NetName=GND Pin=R10-2
Added Pin To Net: NetName=GND Pin=R11-2
Added Pin To Net: NetName=GND Pin=R14-2
Added Pin To Net: NetName=GND Pin=S1-1
Added Pin To Net: NetName=GND Pin=U1-1
Added Pin To Net: NetName=GND Pin=U1-3
Added Pin To Net: NetName=GND Pin=U2-2
Added Pin To Net: NetName=GND Pin=U3-1
Added Pin To Net: NetName=GND Pin=U4-8
Added Pin To Net: NetName=GND Pin=U4-23
Added Pin To Net: NetName=GND Pin=U4-35
Added Pin To Net: NetName=GND Pin=U4-47
Added Net: Name=GND
Added Pin To Net: NetName=HIMRXD Pin=P2-3
Added Pin To Net: NetName=HIMRXD Pin=U4-12
Added Net: Name=HIMRXD
Added Pin To Net: NetName=HIMTXD Pin=P2-2
Added Pin To Net: NetName=HIMTXD Pin=U4-13
Added Net: Name=HIMTXD
Added Pin To Net: NetName=NetC15_1 Pin=C15-1
Added Pin To Net: NetName=NetC15_1 Pin=U4-5
Added Pin To Net: NetName=NetC15_1 Pin=Y1-2
Added Net: Name=NetC15_1
Added Pin To Net: NetName=NetC16_2 Pin=C16-2
Added Pin To Net: NetName=NetC16_2 Pin=R13-2
Added Pin To Net: NetName=NetC16_2 Pin=S1-2
Added Pin To Net: NetName=NetC16_2 Pin=U4-7
Added Net: Name=NetC16_2
Added Pin To Net: NetName=NetC17_1 Pin=C17-1
Added Pin To Net: NetName=NetC17_1 Pin=U4-6
Added Pin To Net: NetName=NetC17_1 Pin=Y1-1
Added Net: Name=NetC17_1
Added Pin To Net: NetName=NetD1_1 Pin=D1-1
Added Pin To Net: NetName=NetD1_1 Pin=R1-2
Added Net: Name=NetD1_1
Added Pin To Net: NetName=NetD2_1 Pin=D2-1
Added Pin To Net: NetName=NetD2_1 Pin=L1-2
Added Pin To Net: NetName=NetD2_1 Pin=U2-1
Added Net: Name=NetD2_1
Added Pin To Net: NetName=NetR2_1 Pin=R2-1
Added Pin To Net: NetName=NetR2_1 Pin=U1-6
Added Net: Name=NetR2_1
Added Pin To Net: NetName=NetR3_1 Pin=R3-1
Added Pin To Net: NetName=NetR3_1 Pin=U1-7
Added Net: Name=NetR3_1
Added Pin To Net: NetName=NetR4_1 Pin=R4-1
Added Pin To Net: NetName=NetR4_1 Pin=U1-2
Added Net: Name=NetR4_1
Added Pin To Net: NetName=NetR5_2 Pin=R5-2
Added Pin To Net: NetName=NetR5_2 Pin=U2-4
Added Net: Name=NetR5_2
Added Pin To Net: NetName=NetR6_1 Pin=R6-1
Added Pin To Net: NetName=NetR6_1 Pin=U2-6
Added Net: Name=NetR6_1
Added Pin To Net: NetName=NetR7_2 Pin=R7-2
Added Pin To Net: NetName=NetR7_2 Pin=R8-1
Added Pin To Net: NetName=NetR7_2 Pin=U2-3
Added Net: Name=NetR7_2
Added Pin To Net: NetName=NetR9_2 Pin=R9-2
Added Pin To Net: NetName=NetR9_2 Pin=R11-1
Added Pin To Net: NetName=NetR9_2 Pin=U4-18
Added Net: Name=NetR9_2
Added Pin To Net: NetName=NetR10_1 Pin=R10-1
Added Pin To Net: NetName=NetR10_1 Pin=U4-20
Added Net: Name=NetR10_1
Added Pin To Net: NetName=NetR12_1 Pin=R12-1
Added Pin To Net: NetName=NetR12_1 Pin=U5-3
Added Net: Name=NetR12_1
Added Pin To Net: NetName=NetR14_1 Pin=R14-1
Added Pin To Net: NetName=NetR14_1 Pin=U4-44
Added Net: Name=NetR14_1
Added Pin To Net: NetName=NetR15_1 Pin=R15-1
Added Pin To Net: NetName=NetR15_1 Pin=U5-10
Added Net: Name=NetR15_1
Added Pin To Net: NetName=S\T\D\B\Y\ Pin=R2-2
Added Pin To Net: NetName=S\T\D\B\Y\ Pin=U4-16
Added Net: Name=S\T\D\B\Y\
Added Pin To Net: NetName=SGND Pin=C9-2
Added Pin To Net: NetName=SGND Pin=C10-2
Added Pin To Net: NetName=SGND Pin=R15-2
Added Pin To Net: NetName=SGND Pin=U5-9
Added Net: Name=SGND
Added Pin To Net: NetName=SWCLK Pin=P4-3
Added Pin To Net: NetName=SWCLK Pin=U4-37
Added Net: Name=SWCLK
Added Pin To Net: NetName=SWDIO Pin=P4-2
Added Pin To Net: NetName=SWDIO Pin=U4-34
Added Net: Name=SWDIO
Added Pin To Net: NetName=VB+ Pin=BT1-1
Added Pin To Net: NetName=VB+ Pin=C2-1
Added Pin To Net: NetName=VB+ Pin=C3-1
Added Pin To Net: NetName=VB+ Pin=C4-1
Added Pin To Net: NetName=VB+ Pin=C7-1
Added Pin To Net: NetName=VB+ Pin=L1-1
Added Pin To Net: NetName=VB+ Pin=R1-1
Added Pin To Net: NetName=VB+ Pin=R9-1
Added Pin To Net: NetName=VB+ Pin=U1-5
Added Pin To Net: NetName=VB+ Pin=U2-5
Added Pin To Net: NetName=VB+ Pin=U3-2
Added Pin To Net: NetName=VB+ Pin=U3-2
Added Net: Name=VB+
Added Pin To Net: NetName=WIFI_RX Pin=U4-21
Added Pin To Net: NetName=WIFI_RX Pin=U5-15
Added Net: Name=WIFI_RX
Added Pin To Net: NetName=WIFI_TX Pin=U4-22
Added Pin To Net: NetName=WIFI_TX Pin=U5-16
Added Net: Name=WIFI_TX
Added Class: Name=AdControl
Added Room: Name=AdControl
