Added Pin To Net: NetName=VB+ Pin=BT1-1
Added Pin To Net: NetName=GND Pin=BT1-2
Added Pin To Net: NetName=+5V_IN Pin=C1-1
Added Pin To Net: NetName=GND Pin=C1-2
Added Pin To Net: NetName=VB+ Pin=C2-1
Added Pin To Net: NetName=GND Pin=C2-2
Added Pin To Net: NetName=VB+ Pin=C3-1
Added Pin To Net: NetName=GND Pin=C3-2
Added Pin To Net: NetName=VB+ Pin=C4-1
Added Pin To Net: NetName=GND Pin=C4-2
Added Pin To Net: NetName=+5V Pin=C5-1
Added Pin To Net: NetName=GND Pin=C5-2
Added Pin To Net: NetName=+5V Pin=C6-1
Added Pin To Net: NetName=GND Pin=C6-2
Added Pin To Net: NetName=VB+ Pin=C7-1
Added Pin To Net: NetName=GND Pin=C7-2
Added Pin To Net: NetName=+3.3V Pin=C8-1
Added Pin To Net: NetName=GND Pin=C8-2
Added Pin To Net: NetName=+3.3V Pin=C9-1
Added Pin To Net: NetName=GND Pin=C9-2
Added Pin To Net: NetName=+3.3V Pin=C10-1
Added Pin To Net: NetName=GND Pin=C10-2
Added Pin To Net: NetName=+3.3V Pin=C11-1
Added Pin To Net: NetName=GND Pin=C11-2
Added Pin To Net: NetName=+3.3V Pin=C12-1
Added Pin To Net: NetName=GND Pin=C12-2
Added Pin To Net: NetName=+3.3V Pin=C13-1
Added Pin To Net: NetName=GND Pin=C13-2
Added Pin To Net: NetName=+3.3V Pin=C14-1
Added Pin To Net: NetName=GND Pin=C14-2
Added Pin To Net: NetName=NetC15_1 Pin=C15-1
Added Pin To Net: NetName=GND Pin=C15-2
Added Pin To Net: NetName=GND Pin=C16-1
Added Pin To Net: NetName=NetC16_2 Pin=C16-2
Added Pin To Net: NetName=NetC17_1 Pin=C17-1
Added Pin To Net: NetName=GND Pin=C17-2
Added Pin To Net: NetName=NetD1_1 Pin=D1-1
Added Pin To Net: NetName=GND Pin=D1-2
Added Pin To Net: NetName=NetD2_1 Pin=D2-1
Added Pin To Net: NetName=+5V Pin=D2-2
Added Pin To Net: NetName=+5V_IN Pin=J1-1
Added Pin To Net: NetName=GND Pin=J1-2
Added Pin To Net: NetName=GND Pin=J1-3
Added Pin To Net: NetName=VB+ Pin=L1-1
Added Pin To Net: NetName=NetD2_1 Pin=L1-2
Added Pin To Net: NetName=+5V Pin=P2-1
Added Pin To Net: NetName=HIMTXD Pin=P2-2
Added Pin To Net: NetName=HIMRXD Pin=P2-3
Added Pin To Net: NetName=GND Pin=P2-4
Added Pin To Net: NetName=+5V Pin=P3-1
Added Pin To Net: NetName=DEBUG_TX Pin=P3-2
Added Pin To Net: NetName=DEBUG_RX Pin=P3-3
Added Pin To Net: NetName=GND Pin=P3-4
Added Pin To Net: NetName=+3.3V Pin=P4-1
Added Pin To Net: NetName=SWDIO Pin=P4-2
Added Pin To Net: NetName=SWCLK Pin=P4-3
Added Pin To Net: NetName=GND Pin=P4-4
Added Pin To Net: NetName=VB+ Pin=R1-1
Added Pin To Net: NetName=NetD1_1 Pin=R1-2
Added Pin To Net: NetName=NetR2_1 Pin=R2-1
Added Pin To Net: NetName=S\T\D\B\Y\ Pin=R2-2
Added Pin To Net: NetName=NetR3_1 Pin=R3-1
Added Pin To Net: NetName=C\H\R\G\ Pin=R3-2
Added Pin To Net: NetName=NetR4_1 Pin=R4-1
Added Pin To Net: NetName=GND Pin=R4-2
Added Pin To Net: NetName=FP6291EN Pin=R5-1
Added Pin To Net: NetName=NetR5_2 Pin=R5-2
Added Pin To Net: NetName=NetR6_1 Pin=R6-1
Added Pin To Net: NetName=GND Pin=R6-2
Added Pin To Net: NetName=+5V Pin=R7-1
Added Pin To Net: NetName=NetR7_2 Pin=R7-2
Added Pin To Net: NetName=NetR7_2 Pin=R8-1
Added Pin To Net: NetName=GND Pin=R8-2
Added Pin To Net: NetName=VB+ Pin=R9-1
Added Pin To Net: NetName=NetR9_2 Pin=R9-2
Added Pin To Net: NetName=NetR10_1 Pin=R10-1
Added Pin To Net: NetName=GND Pin=R10-2
Added Pin To Net: NetName=NetR9_2 Pin=R11-1
Added Pin To Net: NetName=GND Pin=R11-2
Added Pin To Net: NetName=NetR12_1 Pin=R12-1
Added Pin To Net: NetName=+3.3V Pin=R12-2
Added Pin To Net: NetName=+3.3V Pin=R13-1
Added Pin To Net: NetName=NetC16_2 Pin=R13-2
Added Pin To Net: NetName=NetR14_1 Pin=R14-1
Added Pin To Net: NetName=GND Pin=R14-2
Added Pin To Net: NetName=NetR15_1 Pin=R15-1
Added Pin To Net: NetName=GND Pin=R15-2
Added Pin To Net: NetName=GND Pin=S1-1
Added Pin To Net: NetName=NetC16_2 Pin=S1-2
Added Pin To Net: NetName=GND Pin=U1-1
Added Pin To Net: NetName=NetR4_1 Pin=U1-2
Added Pin To Net: NetName=GND Pin=U1-3
Added Pin To Net: NetName=+5V_IN Pin=U1-4
Added Pin To Net: NetName=VB+ Pin=U1-5
Added Pin To Net: NetName=NetR2_1 Pin=U1-6
Added Pin To Net: NetName=NetR3_1 Pin=U1-7
Added Pin To Net: NetName=+5V_IN Pin=U1-8
Added Pin To Net: NetName=NetD2_1 Pin=U2-1
Added Pin To Net: NetName=GND Pin=U2-2
Added Pin To Net: NetName=NetR7_2 Pin=U2-3
Added Pin To Net: NetName=NetR5_2 Pin=U2-4
Added Pin To Net: NetName=VB+ Pin=U2-5
Added Pin To Net: NetName=NetR6_1 Pin=U2-6
Added Pin To Net: NetName=GND Pin=U3-1
Added Pin To Net: NetName=VB+ Pin=U3-2
Added Pin To Net: NetName=VB+ Pin=U3-2
Added Pin To Net: NetName=+3.3V Pin=U3-3
Added Pin To Net: NetName=NetC15_1 Pin=U4-5
Added Pin To Net: NetName=NetC17_1 Pin=U4-6
Added Pin To Net: NetName=NetC16_2 Pin=U4-7
Added Pin To Net: NetName=GND Pin=U4-8
Added Pin To Net: NetName=+3.3V Pin=U4-9
Added Pin To Net: NetName=CO2PWM Pin=U4-10
Added Pin To Net: NetName=DEBUG_TX Pin=U4-12
Added Pin To Net: NetName=DEBUG_RX Pin=U4-13
Added Pin To Net: NetName=S\T\D\B\Y\ Pin=U4-14
Added Pin To Net: NetName=C\H\R\G\ Pin=U4-15
Added Pin To Net: NetName=FP6291EN Pin=U4-16
Added Pin To Net: NetName=NetR9_2 Pin=U4-18
Added Pin To Net: NetName=NetR10_1 Pin=U4-20
Added Pin To Net: NetName=HIMRXD Pin=U4-21
Added Pin To Net: NetName=HIMTXD Pin=U4-22
Added Pin To Net: NetName=GND Pin=U4-23
Added Pin To Net: NetName=+3.3V Pin=U4-24
Added Pin To Net: NetName=WIFI_RX Pin=U4-30
Added Pin To Net: NetName=WIFI_TX Pin=U4-31
Added Pin To Net: NetName=SWDIO Pin=U4-34
Added Pin To Net: NetName=GND Pin=U4-35
Added Pin To Net: NetName=+3.3V Pin=U4-36
Added Pin To Net: NetName=SWCLK Pin=U4-37
Added Pin To Net: NetName=NetR14_1 Pin=U4-44
Added Pin To Net: NetName=GND Pin=U4-47
Added Pin To Net: NetName=+3.3V Pin=U4-48
Added Pin To Net: NetName=+3.3V Pin=U5-1
Added Pin To Net: NetName=NetR12_1 Pin=U5-3
Added Pin To Net: NetName=+3.3V Pin=U5-8
Added Pin To Net: NetName=GND Pin=U5-9
Added Pin To Net: NetName=NetR15_1 Pin=U5-10
Added Pin To Net: NetName=WIFI_RX Pin=U5-15
Added Pin To Net: NetName=WIFI_TX Pin=U5-16
Added Pin To Net: NetName=GND Pin=U6-1
Added Pin To Net: NetName=VB+ Pin=U6-2
Added Pin To Net: NetName=VB+ Pin=U6-2
Added Pin To Net: NetName=+3.3V Pin=U6-3
Added Pin To Net: NetName=+5V Pin=U7-1
Added Pin To Net: NetName=GND Pin=U7-2
Added Pin To Net: NetName=CO2PWM Pin=U7-6
Added Pin To Net: NetName=NetC17_1 Pin=Y1-1
Added Pin To Net: NetName=NetC15_1 Pin=Y1-2
Added Member To Class: ClassName=AdControl Member=Component BT1 Battery
Added Member To Class: ClassName=AdControl Member=Component C1 Cap Pol1
Added Member To Class: ClassName=AdControl Member=Component C2 Cap Pol1
Added Member To Class: ClassName=AdControl Member=Component C3 Cap Semi
Added Member To Class: ClassName=AdControl Member=Component C4 Cap Pol1
Added Member To Class: ClassName=AdControl Member=Component C5 Cap Semi
Added Member To Class: ClassName=AdControl Member=Component C6 Cap Pol1
Added Member To Class: ClassName=AdControl Member=Component C7 Cap Pol1
Added Member To Class: ClassName=AdControl Member=Component C8 Cap Pol1
Added Member To Class: ClassName=AdControl Member=Component C9 Cap Semi
Added Member To Class: ClassName=AdControl Member=Component C10 Cap Pol1
Added Member To Class: ClassName=AdControl Member=Component C11 Cap Semi
Added Member To Class: ClassName=AdControl Member=Component C12 Cap Semi
Added Member To Class: ClassName=AdControl Member=Component C13 Cap Semi
Added Member To Class: ClassName=AdControl Member=Component C14 Cap Semi
Added Member To Class: ClassName=AdControl Member=Component C15 Cap Semi
Added Member To Class: ClassName=AdControl Member=Component C16 Cap Semi
Added Member To Class: ClassName=AdControl Member=Component C17 Cap Semi
Added Member To Class: ClassName=AdControl Member=Component D1 PWR
Added Member To Class: ClassName=AdControl Member=Component D2 Diode US1M
Added Member To Class: ClassName=AdControl Member=Component J1 PWR2.5
Added Member To Class: ClassName=AdControl Member=Component L1 Inductor Iron CD54
Added Member To Class: ClassName=AdControl Member=Component P2 HIM
Added Member To Class: ClassName=AdControl Member=Component P3 UART_Debug_Port
Added Member To Class: ClassName=AdControl Member=Component P4 Debug_Port
Added Member To Class: ClassName=AdControl Member=Component R1 Res3
Added Member To Class: ClassName=AdControl Member=Component R2 Res3
Added Member To Class: ClassName=AdControl Member=Component R3 Res3
Added Member To Class: ClassName=AdControl Member=Component R4 Res3
Added Member To Class: ClassName=AdControl Member=Component R5 Res3
Added Member To Class: ClassName=AdControl Member=Component R6 Res3
Added Member To Class: ClassName=AdControl Member=Component R7 Res3
Added Member To Class: ClassName=AdControl Member=Component R8 Res3
Added Member To Class: ClassName=AdControl Member=Component R9 Res3
Added Member To Class: ClassName=AdControl Member=Component R10 Res3
Added Member To Class: ClassName=AdControl Member=Component R11 Res3
Added Member To Class: ClassName=AdControl Member=Component R12 Res3
Added Member To Class: ClassName=AdControl Member=Component R13 Res3
Added Member To Class: ClassName=AdControl Member=Component R14 Res3
Added Member To Class: ClassName=AdControl Member=Component R15 Res3
Added Member To Class: ClassName=AdControl Member=Component S1 Reset
Added Member To Class: ClassName=AdControl Member=Component U1 TP4056
Added Member To Class: ClassName=AdControl Member=Component U2 FP6291
Added Member To Class: ClassName=AdControl Member=Component U3 HT7333-SOT89
Added Member To Class: ClassName=AdControl Member=Component U4 STM32F103C8T6
Added Member To Class: ClassName=AdControl Member=Component U5 ESP-07
Added Member To Class: ClassName=AdControl Member=Component U6 HT7333-SOT89
Added Member To Class: ClassName=AdControl Member=Component U7 MH-Z14A
Added Member To Class: ClassName=AdControl Member=Component Y1 XTAL
Added Room: Name=AdControl
