Removed Pin From Net: NetName=NetK5_3 Pin=P11-1
Removed Pin From Net: NetName=GND Pin=P11-2
Change Component DesignItemId : Designator=P11 Old DesignItemId=HB-9500 New DesignItemId=Header 2
Change Component Footprint: Designator=P11 Old Footprint=HB-9500 New Footprint=HDR1X2
Change Component Comment : Designator=P11 Old Comment=Fire_Up New Comment=UART_Debug
Change Component Designator: OldDesignator=R9 NewDesignator=R10
Change Component Designator: OldDesignator=R10 NewDesignator=R11
Change Component Designator: OldDesignator=R11 NewDesignator=R12
Change Component Designator: OldDesignator=R12 NewDesignator=R9
Change Component Designator: OldDesignator=R14 NewDesignator=R15
Change Component Designator: OldDesignator=R15 NewDesignator=R16
Change Component Designator: OldDesignator=R16 NewDesignator=R17
Change Component Designator: OldDesignator=R17 NewDesignator=R14
Added Component: Designator=P12(HB-9500)
Added Pin To Net: NetName=NetK5_3 Pin=P11-1
Added Pin To Net: NetName=GND Pin=P11-2
Added Pin To Net: NetName=FIRE_D2 Pin=R11-2
Added Pin To Net: NetName=ALOVR Pin=R12-2
Added Pin To Net: NetName=ALDH1 Pin=U4-9
Added Pin To Net: NetName=ALDH2 Pin=U4-10
Added Pin To Net: NetName=ALDL Pin=U4-11
Added Pin To Net: NetName=ALOVR Pin=U4-12
Added Pin To Net: NetName=FIRE_D2 Pin=U4-15
Added Pin To Net: NetName=FIRE_D1 Pin=U4-16
Added Pin To Net: NetName=PUMP2 Pin=U4-17
Added Pin To Net: NetName=LED3 Pin=U4-18
Added Pin To Net: NetName=LED2 Pin=U4-19
Added Pin To Net: NetName=LED1 Pin=U4-20
Added Pin To Net: NetName=PUMP1 Pin=U4-21
Added Pin To Net: NetName=SVOUT Pin=U4-22
Added Pin To Net: NetName=SVIN Pin=U4-23
Added Pin To Net: NetName=SHOCK_DETECT Pin=U4-25
Added Pin To Net: NetName=REMOTE_RX Pin=U4-48
Added Member To Class: ClassName=Alcohol_Fireplace Member=Component P12 Fire_Up
Added Room: Name=Alcohol_Fireplace
