Removed Pin From Net: NetName=GND Pin=D3-1
Removed Pin From Net: NetName=GND Pin=D7-1
Removed Pin From Net: NetName=+12V Pin=K1-1
Removed Pin From Net: NetName=+12V Pin=K1-1
Removed Pin From Net: NetName=GND Pin=K1-5
Removed Pin From Net: NetName=+12V Pin=K4-1
Removed Pin From Net: NetName=+12V Pin=K4-1
Removed Pin From Net: NetName=GND Pin=K4-5
Removed Pin From Net: NetName=+5V Pin=Q1-2
Removed Pin From Net: NetName=+5V Pin=Q4-2
Removed Pin From Net: NetName=PUMP1 Pin=R3-2
Removed Pin From Net: NetName=PUMP2 Pin=R8-2
Removed Member From Class: ClassName=Alcohol_Fireplace Member=D3
Removed Member From Class: ClassName=Alcohol_Fireplace Member=D7
Removed Member From Class: ClassName=Alcohol_Fireplace Member=K1
Removed Member From Class: ClassName=Alcohol_Fireplace Member=K4
Removed Member From Class: ClassName=Alcohol_Fireplace Member=Q1
Removed Member From Class: ClassName=Alcohol_Fireplace Member=Q4
Removed Member From Class: ClassName=Alcohol_Fireplace Member=R3
Removed Member From Class: ClassName=Alcohol_Fireplace Member=R8
Added Component: Designator=P3(XH2.54-3P)
Added Component: Designator=P8(XH2.54-3P)
Added Pin To Net: NetName=+12V Pin=P3-1
Added Pin To Net: NetName=PUMP1 Pin=P3-2
Added Pin To Net: NetName=GND Pin=P3-3
Added Pin To Net: NetName=+12V Pin=P8-1
Added Pin To Net: NetName=PUMP2 Pin=P8-2
Added Pin To Net: NetName=GND Pin=P8-3
Added Member To Class: ClassName=Alcohol_Fireplace Member=Component P3 Pump1
Added Member To Class: ClassName=Alcohol_Fireplace Member=Component P8 Pump2
Added Room: Name=Alcohol_Fireplace
