Removed Pin From Net: NetName=ALDL Pin=U4-9
Removed Pin From Net: NetName=ALDH2 Pin=U4-10
Removed Pin From Net: NetName=ALDH1 Pin=U4-11
Removed Pin From Net: NetName=TEM Pin=U4-16
Removed Pin From Net: NetName=PUMP2 Pin=U4-17
Removed Pin From Net: NetName=LED3 Pin=U4-18
Removed Pin From Net: NetName=LED2 Pin=U4-19
Removed Pin From Net: NetName=LED1 Pin=U4-20
Removed Pin From Net: NetName=PUMP1 Pin=U4-21
Removed Pin From Net: NetName=SVOUT Pin=U4-22
Removed Pin From Net: NetName=SVIN Pin=U4-23
Removed Pin From Net: NetName=SHOCK_DETECT Pin=U4-25
Removed Pin From Net: NetName=ALARM Pin=U4-27
Removed Pin From Net: NetName=FIRE_UP Pin=U4-37
Removed Pin From Net: NetName=ALOVR Pin=U4-41
Removed Pin From Net: NetName=FIRE_D2 Pin=U4-43
Removed Pin From Net: NetName=FIRE_D1 Pin=U4-44
Removed Pin From Net: NetName=REMOTE_RX Pin=U4-48
Added Pin To Net: NetName=REMOTE_RX Pin=U4-9
Added Pin To Net: NetName=FIRE_UP Pin=U4-10
Added Pin To Net: NetName=TEM Pin=U4-11
Added Pin To Net: NetName=LED3 Pin=U4-12
Added Pin To Net: NetName=LED2 Pin=U4-15
Added Pin To Net: NetName=LED1 Pin=U4-16
Added Pin To Net: NetName=FIRE_D2 Pin=U4-17
Added Pin To Net: NetName=FIRE_D1 Pin=U4-18
Added Pin To Net: NetName=ALOVR Pin=U4-19
Added Pin To Net: NetName=ALDH1 Pin=U4-20
Added Pin To Net: NetName=ALDH2 Pin=U4-21
Added Pin To Net: NetName=ALDL Pin=U4-22
Added Pin To Net: NetName=SVOUT Pin=U4-23
Added Pin To Net: NetName=SVIN Pin=U4-25
Added Pin To Net: NetName=PUMP1 Pin=U4-26
Added Pin To Net: NetName=PUMP2 Pin=U4-27
Added Pin To Net: NetName=ALARM Pin=U4-28
Added Pin To Net: NetName=SHOCK_DETECT Pin=U4-29
Added Room: Name=Alcohol_Fireplace
